#
# There is insufficient memory for the Java Runtime Environment to continue.
# Native memory allocation (mmap) failed to map 5074944 bytes for committing reserved memory.
# Possible reasons:
#   The system is out of physical RAM or swap space
#   In 32 bit mode, the process size limit was hit
# Possible solutions:
#   Reduce memory load on the system
#   Increase physical memory or swap space
#   Check if swap backing store is full
#   Use 64 bit Java on a 64 bit OS
#   Decrease Java heap size (-Xmx/-Xms)
#   Decrease number of Java threads
#   Decrease Java thread stack sizes (-Xss)
#   Set larger code cache with -XX:ReservedCodeCacheSize=
# This output file may be truncated or incomplete.
#
#  Out of Memory Error (os_linux.cpp:2643), pid=10891, tid=0x00007f77bd121700
#
# JRE version: OpenJDK Runtime Environment (8.0_162-b12) (build 1.8.0_162-8u162-b12-0ubuntu0.16.04.2-b12)
# Java VM: OpenJDK 64-Bit Server VM (25.162-b12 mixed mode linux-amd64 compressed oops)
# Failed to write core dump. Core dumps have been disabled. To enable core dumping, try "ulimit -c unlimited" before starting Java again
#

---------------  T H R E A D  ---------------

Current thread (0x00007f77b806e800):  VMThread [stack: 0x00007f77bd021000,0x00007f77bd122000] [id=10905]

Stack: [0x00007f77bd021000,0x00007f77bd122000],  sp=0x00007f77bd11fe90,  free space=1019k
Native frames: (J=compiled Java code, j=interpreted, Vv=VM code, C=native code)
V  [libjvm.so+0xa6d16b]
V  [libjvm.so+0x4c698c]
V  [libjvm.so+0x8b9e18]
V  [libjvm.so+0x8b41ae]
V  [libjvm.so+0xa69a54]
V  [libjvm.so+0x5caf9d]
V  [libjvm.so+0x5cbefc]
V  [libjvm.so+0x5b8d06]
V  [libjvm.so+0x4ce66c]
V  [libjvm.so+0x617b3f]
V  [libjvm.so+0x98ed03]
V  [libjvm.so+0x4cb3e2]
V  [libjvm.so+0x5b7390]
V  [libjvm.so+0x4caca4]
V  [libjvm.so+0x934509]
V  [libjvm.so+0x934ecd]
V  [libjvm.so+0x93550c]
V  [libjvm.so+0x4cd0b2]
V  [libjvm.so+0x5b8318]
V  [libjvm.so+0x5b8b6b]
V  [libjvm.so+0xa6e168]
V  [libjvm.so+0xa73fd7]
V  [libjvm.so+0xa716d7]
V  [libjvm.so+0xa72b5f]
V  [libjvm.so+0xa73051]
V  [libjvm.so+0x8b7222]

VM_Operation (0x00007f7786852390): GenCollectFull, mode: safepoint, requested by thread 0x00007f77b9ef7000


---------------  P R O C E S S  ---------------

Java Threads: ( => current thread )
  0x00007f77b9ef7000 JavaThread "pool-2-thread-1" [_thread_blocked, id=10917, stack(0x00007f7786753000,0x00007f7786854000)]
  0x00007f77b9293800 JavaThread "File lock request listener" [_thread_in_native, id=10915, stack(0x00007f778867f000,0x00007f7788780000)]
  0x00007f77b91ff000 JavaThread "process reaper" daemon [_thread_blocked, id=10914, stack(0x00007f77889c6000,0x00007f77889ff000)]
  0x00007f77b80a9800 JavaThread "Service Thread" daemon [_thread_blocked, id=10911, stack(0x00007f77bc883000,0x00007f77bc984000)]
  0x00007f77b80a6000 JavaThread "C1 CompilerThread1" daemon [_thread_blocked, id=10910, stack(0x00007f77bc984000,0x00007f77bca85000)]
  0x00007f77b80a4000 JavaThread "C2 CompilerThread0" daemon [_thread_blocked, id=10909, stack(0x00007f77bca85000,0x00007f77bcb86000)]
  0x00007f77b80a2000 JavaThread "Signal Dispatcher" daemon [_thread_blocked, id=10908, stack(0x00007f77bcb86000,0x00007f77bcc87000)]
  0x00007f77b807b000 JavaThread "Finalizer" daemon [_thread_blocked, id=10907, stack(0x00007f77bce1f000,0x00007f77bcf20000)]
  0x00007f77b8076000 JavaThread "Reference Handler" daemon [_thread_blocked, id=10906, stack(0x00007f77bcf20000,0x00007f77bd021000)]
  0x00007f77b800a800 JavaThread "main" [_thread_blocked, id=10904, stack(0x00007f77c1597000,0x00007f77c1698000)]

Other Threads:
=>0x00007f77b806e800 VMThread [stack: 0x00007f77bd021000,0x00007f77bd122000] [id=10905]
  0x00007f77b80b0800 WatcherThread [stack: 0x00007f77bc782000,0x00007f77bc883000] [id=10912]

VM state:at safepoint (normal execution)

VM Mutex/Monitor currently owned by a thread:  ([mutex/lock_event])
[0x00007f77b8006da0] Threads_lock - owner thread: 0x00007f77b806e800
[0x00007f77b80072a0] Heap_lock - owner thread: 0x00007f77b9ef7000

Heap:
 def new generation   total 55424K, used 54345K [0x00000000f0800000, 0x00000000f4420000, 0x00000000f5aa0000)
  eden space 49280K,  98% used [0x00000000f0800000, 0x00000000f3765c08, 0x00000000f3820000)
  from space 6144K,  94% used [0x00000000f3e20000, 0x00000000f43cc888, 0x00000000f4420000)
  to   space 6144K,  98% used [0x00000000f3820000, 0x00000000f3e0e1d8, 0x00000000f3e20000)
 tenured generation   total 143040K, used 142944K [0x00000000f5aa0000, 0x00000000fe650000, 0x0000000100000000)
   the space 143040K,  99% used [0x00000000f5aa0000, 0x00000000fe6382d8, 0x00000000fe638400, 0x00000000fe650000)
 Metaspace       used 60445K, capacity 62080K, committed 62464K, reserved 1103872K
  class space    used 7714K, capacity 8106K, committed 8192K, reserved 1048576K

Card table byte_map: [0x00007f77c1512000,0x00007f77c158f000] byte_map_base: 0x00007f77c0d8e000

Polling page: 0x00007f77c16a4000

CodeCache: size=245760Kb used=24626Kb max_used=24636Kb free=221133Kb
 bounds [0x00007f77a9000000, 0x00007f77aa840000, 0x00007f77b8000000]
 total_blobs=8948 nmethods=8211 adapters=650
 compilation: enabled

Compilation events (10 events):
Event: 25.111 Thread 0x00007f77b80a4000 9359   !   4       java.util.zip.Deflater::deflate (140 bytes)
Event: 25.136 Thread 0x00007f77b80a4000 nmethod 9359 0x00007f77aa0c69d0 code [0x00007f77aa0c6b40, 0x00007f77aa0c70a8]
Event: 25.136 Thread 0x00007f77b80a4000 9360       4       java.util.zip.DeflaterOutputStream::deflate (36 bytes)
Event: 25.153 Thread 0x00007f77b80a4000 nmethod 9360 0x00007f77a9342950 code [0x00007f77a9342b00, 0x00007f77a93436a8]
Event: 25.313 Thread 0x00007f77b80a4000 9361   !   4       java.util.zip.Deflater::needsInput (27 bytes)
Event: 25.334 Thread 0x00007f77b80a4000 nmethod 9361 0x00007f77a9c6cf10 code [0x00007f77a9c6d060, 0x00007f77a9c6d298]
Event: 25.525 Thread 0x00007f77b80a6000 9362       3       com.android.builder.internal.packaging.zip.StoredEntry::getInFileSize (43 bytes)
Event: 25.531 Thread 0x00007f77b80a6000 nmethod 9362 0x00007f77aa0c6050 code [0x00007f77aa0c6220, 0x00007f77aa0c6700]
Event: 25.531 Thread 0x00007f77b80a6000 9363       3       jdk.internal.org.objectweb.asm.ClassWriter::newFieldItem (77 bytes)
Event: 25.532 Thread 0x00007f77b80a6000 nmethod 9363 0x00007f77aa0e9f90 code [0x00007f77aa0ea180, 0x00007f77aa0ea748]

GC Heap History (10 events):
Event: 23.381 GC heap after
Heap after GC invocations=120 (full 5):
 def new generation   total 55424K, used 3184K [0x00000000f0800000, 0x00000000f4420000, 0x00000000f5aa0000)
  eden space 49280K,   0% used [0x00000000f0800000, 0x00000000f0800000, 0x00000000f3820000)
  from space 6144K,  51% used [0x00000000f3e20000, 0x00000000f413c1f0, 0x00000000f4420000)
  to   space 6144K,   0% used [0x00000000f3820000, 0x00000000f3820000, 0x00000000f3e20000)
 tenured generation   total 123076K, used 101759K [0x00000000f5aa0000, 0x00000000fd2d1000, 0x0000000100000000)
   the space 123076K,  82% used [0x00000000f5aa0000, 0x00000000fbdfff58, 0x00000000fbe00000, 0x00000000fd2d1000)
 Metaspace       used 59204K, capacity 60756K, committed 60928K, reserved 1101824K
  class space    used 7546K, capacity 7912K, committed 7936K, reserved 1048576K
}
Event: 23.638 GC heap before
{Heap before GC invocations=120 (full 5):
 def new generation   total 55424K, used 52464K [0x00000000f0800000, 0x00000000f4420000, 0x00000000f5aa0000)
  eden space 49280K, 100% used [0x00000000f0800000, 0x00000000f3820000, 0x00000000f3820000)
  from space 6144K,  51% used [0x00000000f3e20000, 0x00000000f413c1f0, 0x00000000f4420000)
  to   space 6144K,   0% used [0x00000000f3820000, 0x00000000f3820000, 0x00000000f3e20000)
 tenured generation   total 123076K, used 101759K [0x00000000f5aa0000, 0x00000000fd2d1000, 0x0000000100000000)
   the space 123076K,  82% used [0x00000000f5aa0000, 0x00000000fbdfff58, 0x00000000fbe00000, 0x00000000fd2d1000)
 Metaspace       used 59228K, capacity 60820K, committed 60928K, reserved 1101824K
  class space    used 7546K, capacity 7912K, committed 7936K, reserved 1048576K
Event: 23.642 GC heap after
Heap after GC invocations=121 (full 5):
 def new generation   total 55424K, used 458K [0x00000000f0800000, 0x00000000f4420000, 0x00000000f5aa0000)
  eden space 49280K,   0% used [0x00000000f0800000, 0x00000000f0800000, 0x00000000f3820000)
  from space 6144K,   7% used [0x00000000f3820000, 0x00000000f38929c8, 0x00000000f3e20000)
  to   space 6144K,   0% used [0x00000000f3e20000, 0x00000000f3e20000, 0x00000000f4420000)
 tenured generation   total 123076K, used 101977K [0x00000000f5aa0000, 0x00000000fd2d1000, 0x0000000100000000)
   the space 123076K,  82% used [0x00000000f5aa0000, 0x00000000fbe36740, 0x00000000fbe36800, 0x00000000fd2d1000)
 Metaspace       used 59228K, capacity 60820K, committed 60928K, reserved 1101824K
  class space    used 7546K, capacity 7912K, committed 7936K, reserved 1048576K
}
Event: 24.110 GC heap before
{Heap before GC invocations=121 (full 5):
 def new generation   total 55424K, used 49738K [0x00000000f0800000, 0x00000000f4420000, 0x00000000f5aa0000)
  eden space 49280K, 100% used [0x00000000f0800000, 0x00000000f3820000, 0x00000000f3820000)
  from space 6144K,   7% used [0x00000000f3820000, 0x00000000f38929c8, 0x00000000f3e20000)
  to   space 6144K,   0% used [0x00000000f3e20000, 0x00000000f3e20000, 0x00000000f4420000)
 tenured generation   total 123076K, used 101977K [0x00000000f5aa0000, 0x00000000fd2d1000, 0x0000000100000000)
   the space 123076K,  82% used [0x00000000f5aa0000, 0x00000000fbe36740, 0x00000000fbe36800, 0x00000000fd2d1000)
 Metaspace       used 60065K, capacity 61672K, committed 61824K, reserved 1103872K
  class space    used 7655K, capacity 8060K, committed 8064K, reserved 1048576K
Event: 24.116 GC heap after
Heap after GC invocations=122 (full 5):
 def new generation   total 55424K, used 2413K [0x00000000f0800000, 0x00000000f4420000, 0x00000000f5aa0000)
  eden space 49280K,   0% used [0x00000000f0800000, 0x00000000f0800000, 0x00000000f3820000)
  from space 6144K,  39% used [0x00000000f3e20000, 0x00000000f407b518, 0x00000000f4420000)
  to   space 6144K,   0% used [0x00000000f3820000, 0x00000000f3820000, 0x00000000f3e20000)
 tenured generation   total 123076K, used 101977K [0x00000000f5aa0000, 0x00000000fd2d1000, 0x0000000100000000)
   the space 123076K,  82% used [0x00000000f5aa0000, 0x00000000fbe36740, 0x00000000fbe36800, 0x00000000fd2d1000)
 Metaspace       used 60065K, capacity 61672K, committed 61824K, reserved 1103872K
  class space    used 7655K, capacity 8060K, committed 8064K, reserved 1048576K
}
Event: 24.304 GC heap before
{Heap before GC invocations=122 (full 5):
 def new generation   total 55424K, used 52657K [0x00000000f0800000, 0x00000000f4420000, 0x00000000f5aa0000)
  eden space 49280K, 100% used [0x00000000f0800000, 0x00000000f3820000, 0x00000000f3820000)
  from space 6144K,  54% used [0x00000000f3e20000, 0x00000000f416c6e0, 0x00000000f4420000)
  to   space 6144K,   0% used [0x00000000f3820000, 0x00000000f3820000, 0x00000000f3e20000)
 tenured generation   total 123076K, used 101977K [0x00000000f5aa0000, 0x00000000fd2d1000, 0x0000000100000000)
   the space 123076K,  82% used [0x00000000f5aa0000, 0x00000000fbe36740, 0x00000000fbe36800, 0x00000000fd2d1000)
 Metaspace       used 60315K, capacity 61990K, committed 62208K, reserved 1103872K
  class space    used 7701K, capacity 8101K, committed 8192K, reserved 1048576K
Event: 24.321 GC heap after
Heap after GC invocations=123 (full 5):
 def new generation   total 55424K, used 6144K [0x00000000f0800000, 0x00000000f4420000, 0x00000000f5aa0000)
  eden space 49280K,   0% used [0x00000000f0800000, 0x00000000f0800000, 0x00000000f3820000)
  from space 6144K, 100% used [0x00000000f3820000, 0x00000000f3e20000, 0x00000000f3e20000)
  to   space 6144K,   0% used [0x00000000f3e20000, 0x00000000f3e20000, 0x00000000f4420000)
 tenured generation   total 123076K, used 113575K [0x00000000f5aa0000, 0x00000000fd2d1000, 0x0000000100000000)
   the space 123076K,  92% used [0x00000000f5aa0000, 0x00000000fc989eb8, 0x00000000fc98a000, 0x00000000fd2d1000)
 Metaspace       used 60315K, capacity 61990K, committed 62208K, reserved 1103872K
  class space    used 7701K, capacity 8101K, committed 8192K, reserved 1048576K
}
Event: 24.560 GC heap before
{Heap before GC invocations=123 (full 5):
 def new generation   total 55424K, used 51381K [0x00000000f0800000, 0x00000000f4420000, 0x00000000f5aa0000)
  eden space 49280K,  91% used [0x00000000f0800000, 0x00000000f342d760, 0x00000000f3820000)
  from space 6144K, 100% used [0x00000000f3820000, 0x00000000f3e20000, 0x00000000f3e20000)
  to   space 6144K,   0% used [0x00000000f3e20000, 0x00000000f3e20000, 0x00000000f4420000)
 tenured generation   total 123076K, used 118081K [0x00000000f5aa0000, 0x00000000fd2d1000, 0x0000000100000000)
   the space 123076K,  95% used [0x00000000f5aa0000, 0x00000000fcdf0728, 0x00000000fcdf0800, 0x00000000fd2d1000)
 Metaspace       used 60384K, capacity 62004K, committed 62208K, reserved 1103872K
  class space    used 7703K, capacity 8104K, committed 8192K, reserved 1048576K
Event: 24.572 GC heap after
Heap after GC invocations=124 (full 5):
 def new generation   total 55424K, used 5810K [0x00000000f0800000, 0x00000000f4420000, 0x00000000f5aa0000)
  eden space 49280K,   0% used [0x00000000f0800000, 0x00000000f0800000, 0x00000000f3820000)
  from space 6144K,  94% used [0x00000000f3e20000, 0x00000000f43cc888, 0x00000000f4420000)
  to   space 6144K,   0% used [0x00000000f3820000, 0x00000000f3820000, 0x00000000f3e20000)
 tenured generation   total 125088K, used 125074K [0x00000000f5aa0000, 0x00000000fd4c8000, 0x0000000100000000)
   the space 125088K,  99% used [0x00000000f5aa0000, 0x00000000fd4c4990, 0x00000000fd4c4a00, 0x00000000fd4c8000)
 Metaspace       used 60384K, capacity 62004K, committed 62208K, reserved 1103872K
  class space    used 7703K, capacity 8104K, committed 8192K, reserved 1048576K
}
Event: 25.573 GC heap before
{Heap before GC invocations=124 (full 5):
 def new generation   total 55424K, used 54345K [0x00000000f0800000, 0x00000000f4420000, 0x00000000f5aa0000)
  eden space 49280K,  98% used [0x00000000f0800000, 0x00000000f3765c08, 0x00000000f3820000)
  from space 6144K,  94% used [0x00000000f3e20000, 0x00000000f43cc888, 0x00000000f4420000)
  to   space 6144K,   0% used [0x00000000f3820000, 0x00000000f3820000, 0x00000000f3e20000)
 tenured generation   total 133284K, used 133266K [0x00000000f5aa0000, 0x00000000fdcc9000, 0x0000000100000000)
   the space 133284K,  99% used [0x00000000f5aa0000, 0x00000000fdcc49a0, 0x00000000fdcc4a00, 0x00000000fdcc9000)
 Metaspace       used 60445K, capacity 62080K, committed 62464K, reserved 1103872K
  class space    used 7714K, capacity 8106K, committed 8192K, reserved 1048576K

Deoptimization events (10 events):
Event: 24.053 Thread 0x00007f77b800a800 Uncommon trap: reason=class_check action=maybe_recompile pc=0x00007f77a9bebd04 method=sun.security.provider.DigestBase.engineUpdate([BII)V @ 128
Event: 24.053 Thread 0x00007f77b800a800 Uncommon trap: reason=class_check action=maybe_recompile pc=0x00007f77a9bebd04 method=sun.security.provider.DigestBase.engineUpdate([BII)V @ 128
Event: 24.053 Thread 0x00007f77b800a800 Uncommon trap: reason=class_check action=maybe_recompile pc=0x00007f77a9bebd04 method=sun.security.provider.DigestBase.engineUpdate([BII)V @ 128
Event: 24.053 Thread 0x00007f77b800a800 Uncommon trap: reason=class_check action=maybe_recompile pc=0x00007f77a9bebd04 method=sun.security.provider.DigestBase.engineUpdate([BII)V @ 128
Event: 24.055 Thread 0x00007f77b800a800 Uncommon trap: reason=unstable_if action=reinterpret pc=0x00007f77a95131b4 method=java.security.Provider.ensureLegacyParsed()V @ 4
Event: 24.060 Thread 0x00007f77b800a800 Uncommon trap: reason=speculate_class_check action=maybe_recompile pc=0x00007f77aa39af68 method=java.security.MessageDigest.getInstance(Ljava/lang/String;)Ljava/security/MessageDigest; @ 14
Event: 24.062 Thread 0x00007f77b800a800 Uncommon trap: reason=unstable_if action=reinterpret pc=0x00007f77a92ed7d4 method=java.math.BigInteger.stripLeadingZeroBytes([B)[I @ 7
Event: 24.063 Thread 0x00007f77b800a800 Uncommon trap: reason=unstable_if action=reinterpret pc=0x00007f77a9f9f284 method=java.math.BigInteger.stripLeadingZeroBytes([B)[I @ 7
Event: 24.124 Thread 0x00007f77b800a800 Uncommon trap: reason=speculate_class_check action=maybe_recompile pc=0x00007f77aa39af68 method=java.security.MessageDigest.getInstance(Ljava/lang/String;)Ljava/security/MessageDigest; @ 14
Event: 25.506 Thread 0x00007f77b9ef7000 Uncommon trap: reason=unstable_if action=reinterpret pc=0x00007f77aa267790 method=java.util.concurrent.locks.AbstractQueuedSynchronizer.doReleaseShared()V @ 6

Classes redefined (0 events):
No events

Internal exceptions (10 events):
Event: 20.590 Thread 0x00007f77b800a800 Exception <a 'java/lang/ArrayIndexOutOfBoundsException': 4777> (0x00000000f1c494a8) thrown at [/build/openjdk-8-OdO8jS/openjdk-8-8u162-b12/src/hotspot/src/share/vm/interpreter/interpreterRuntime.cpp, line 366]
Event: 20.701 Thread 0x00007f77b800a800 Exception <a 'java/lang/ArrayIndexOutOfBoundsException'> (0x00000000f1cc26f8) thrown at [/build/openjdk-8-OdO8jS/openjdk-8-8u162-b12/src/hotspot/src/share/vm/runtime/sharedRuntime.cpp, line 605]
Event: 20.702 Thread 0x00007f77b800a800 Exception <a 'java/lang/ArrayIndexOutOfBoundsException'> (0x00000000f1cc8e60) thrown at [/build/openjdk-8-OdO8jS/openjdk-8-8u162-b12/src/hotspot/src/share/vm/runtime/sharedRuntime.cpp, line 605]
Event: 20.734 Thread 0x00007f77b800a800 Exception <a 'java/lang/ArrayIndexOutOfBoundsException'> (0x00000000f1d6de60) thrown at [/build/openjdk-8-OdO8jS/openjdk-8-8u162-b12/src/hotspot/src/share/vm/runtime/sharedRuntime.cpp, line 605]
Event: 20.774 Thread 0x00007f77b800a800 Exception <a 'java/lang/ArrayIndexOutOfBoundsException'> (0x00000000f1e5a970) thrown at [/build/openjdk-8-OdO8jS/openjdk-8-8u162-b12/src/hotspot/src/share/vm/runtime/sharedRuntime.cpp, line 605]
Event: 20.787 Thread 0x00007f77b800a800 Exception <a 'java/lang/ArrayIndexOutOfBoundsException'> (0x00000000f1ed4450) thrown at [/build/openjdk-8-OdO8jS/openjdk-8-8u162-b12/src/hotspot/src/share/vm/runtime/sharedRuntime.cpp, line 605]
Event: 20.799 Thread 0x00007f77b800a800 Exception <a 'java/lang/ArrayIndexOutOfBoundsException'> (0x00000000f1f3d1f0) thrown at [/build/openjdk-8-OdO8jS/openjdk-8-8u162-b12/src/hotspot/src/share/vm/runtime/sharedRuntime.cpp, line 605]
Event: 20.800 Thread 0x00007f77b800a800 Exception <a 'java/lang/ArrayIndexOutOfBoundsException'> (0x00000000f1f43800) thrown at [/build/openjdk-8-OdO8jS/openjdk-8-8u162-b12/src/hotspot/src/share/vm/runtime/sharedRuntime.cpp, line 605]
Event: 24.046 Thread 0x00007f77b800a800 Implicit null exception at 0x00007f77aa38aabb to 0x00007f77aa38ad2d
Event: 24.047 Thread 0x00007f77b800a800 Implicit null exception at 0x00007f77aa399053 to 0x00007f77aa399621

Events (10 events):
Event: 25.526 loading class com/android/builder/internal/packaging/zip/StoredEntry
Event: 25.526 loading class com/android/builder/internal/packaging/zip/StoredEntry done
Event: 25.526 loading class com/android/builder/internal/packaging/sign/SignatureExtension$1
Event: 25.526 loading class com/android/builder/internal/packaging/sign/SignatureExtension$1 done
Event: 25.529 Executing VM operation: GenCollectForAllocation
Event: 25.530 Executing VM operation: GenCollectForAllocation done
Event: 25.531 Thread 0x00007f77b80a6000 flushing nmethod 0x00007f77a91b1750
Event: 25.532 Thread 0x00007f77b80a6000 flushing nmethod 0x00007f77a9202ad0
Event: 25.532 Thread 0x00007f77b80a6000 flushing nmethod 0x00007f77a926ce10
Event: 25.535 Executing VM operation: GenCollectFull


Dynamic libraries:
00400000-00401000 r-xp 00000000 ca:01 266174                             /usr/lib/jvm/java-8-openjdk-amd64/jre/bin/java
00600000-00601000 r--p 00000000 ca:01 266174                             /usr/lib/jvm/java-8-openjdk-amd64/jre/bin/java
00601000-00602000 rw-p 00001000 ca:01 266174                             /usr/lib/jvm/java-8-openjdk-amd64/jre/bin/java
02592000-025b3000 rw-p 00000000 00:00 0                                  [heap]
f0800000-f4420000 rw-p 00000000 00:00 0 
f4420000-f5aa0000 ---p 00000000 00:00 0 
f5aa0000-fe650000 rw-p 00000000 00:00 0 
feb27000-100000000 ---p 00000000 00:00 0 
100000000-100800000 rw-p 00000000 00:00 0 
100800000-140000000 ---p 00000000 00:00 0 
7f77860f1000-7f77861f1000 rw-p 00000000 00:00 0 
7f77861f1000-7f77862f1000 ---p 00000000 00:00 0 
7f77862f1000-7f77864f1000 rw-p 00000000 00:00 0 
7f77864f1000-7f77866f1000 rw-p 00000000 00:00 0 
7f7786753000-7f7786756000 ---p 00000000 00:00 0 
7f7786756000-7f7786a54000 rw-p 00000000 00:00 0 
7f7786a54000-7f7786c54000 rw-p 00000000 00:00 0 
7f7786c54000-7f7786e54000 rw-p 00000000 00:00 0 
7f7786e54000-7f7787054000 rw-p 00000000 00:00 0 
7f7787054000-7f7787254000 rw-p 00000000 00:00 0 
7f7787254000-7f7787454000 rw-p 00000000 00:00 0 
7f7787454000-7f7787455000 r--s 00001000 ca:01 91875                      /home/ubuntu/.gradle/caches/modules-2/files-2.1/com.android.tools/annotations/25.3.3/6c1474def63de173b5acb7bbe85b03596294c1fc/annotations-25.3.3.jar
7f7787455000-7f7787469000 r--s 000b4000 ca:01 91874                      /home/ubuntu/.gradle/caches/modules-2/files-2.1/com.android.tools.external.com-intellij/uast/162.2228.14/3d67ea648c9594d981896c40478744fdd515e713/uast-162.2228.14.jar
7f7787469000-7f778746d000 r--s 00040000 ca:01 91873                      /home/ubuntu/.gradle/caches/modules-2/files-2.1/com.android.tools.lint/lint-api/25.3.3/69cae507e0ecd0c3f2817cbde7667cfc09455b8f/lint-api-25.3.3.jar
7f778746d000-7f7787472000 r--s 0002e000 ca:01 91872                      /home/ubuntu/.gradle/caches/modules-2/files-2.1/com.android.tools/repository/25.3.3/f0ab4106aa02cf354712a1ee0e3abfd002c4cf4d/repository-25.3.3.jar
7f7787472000-7f7787474000 r--s 00006000 ca:01 91871                      /home/ubuntu/.gradle/caches/modules-2/files-2.1/com.android.tools/dvlib/25.3.3/7883888a1e9f8c78580148d0c32f0261459f8d8e/dvlib-25.3.3.jar
7f7787474000-7f7787476000 r--s 00013000 ca:01 91870                      /home/ubuntu/.gradle/caches/modules-2/files-2.1/com.android.tools.layoutlib/layoutlib-api/25.3.3/efb8549f2080bfb6a4725000fc406da2a0d6e405/layoutlib-api-25.3.3.jar
7f7787476000-7f7787486000 r--s 000d5000 ca:01 91869                      /home/ubuntu/.gradle/caches/modules-2/files-2.1/net.sf.proguard/proguard-base/5.3.2/e7011042563a48b2dd3e9ebcfcf9a3d18dfb476f/proguard-base-5.3.2.jar
7f7787486000-7f7787488000 r--s 00002000 ca:01 91868                      /home/ubuntu/.gradle/caches/modules-2/files-2.1/com.android.databinding/baseLibrary/2.3.3/eb3399988a52099b0127e27fb5bed666eca86ace/baseLibrary-2.3.3.jar
7f7787488000-7f778749b000 r--s 00241000 ca:01 91867                      /home/ubuntu/.gradle/caches/modules-2/files-2.1/org.eclipse.jdt.core.compiler/ecj/4.6.1/5555607add54eb79c5a0729134e663fe2e6300c2/ecj-4.6.1.jar
7f778749b000-7f77874a2000 r--s 000d9000 ca:01 91866                      /home/ubuntu/.gradle/caches/modules-2/files-2.1/com.android.tools.lint/lint-checks/25.3.3/5a6b3823b59ba46496453da5f86fdb5664edaf43/lint-checks-25.3.3.jar
7f77874a2000-7f77874a4000 r--s 00004000 ca:01 91865                      /home/ubuntu/.gradle/caches/modules-2/files-2.1/com.android.tools.analytics-library/tracker/25.3.3/a4448e7a533c1d068a07da9a388fe499c1593b6a/tracker-25.3.3.jar
7f77874a4000-7f77874a5000 r--s 00005000 ca:01 91864                      /home/ubuntu/.gradle/caches/modules-2/files-2.1/com.android.tools.analytics-library/shared/25.3.3/291cdfaac8a965df5452d66ea7ec597e81d6008a/shared-25.3.3.jar
7f77874a5000-7f77874b3000 r--s 00147000 ca:01 91863                      /home/ubuntu/.gradle/caches/modules-2/files-2.1/com.android.tools.analytics-library/protos/25.3.3/e6783d6c41bd9e52c826bf3e92a8f3fc00ed1093/protos-25.3.3.jar
7f77874b3000-7f77874b5000 r--s 00003000 ca:01 91862                      /home/ubuntu/.gradle/caches/modules-2/files-2.1/com.android.tools.jack/jack-api/0.13.0/818c9a942281e89dabab2fe97adbd8bdb9d275e2/jack-api-0.13.0.jar
7f77874b5000-7f77874bb000 r--s 0004a000 ca:01 91861                      /home/ubuntu/.gradle/caches/modules-2/files-2.1/com.android.tools.ddms/ddmlib/25.3.3/7f26233ca08015988c925f4cfaa87b3ea615b310/ddmlib-25.3.3.jar
7f77874bb000-7f77874be000 r--s 00022000 ca:01 91860                      /home/ubuntu/.gradle/caches/modules-2/files-2.1/com.android.tools.build/manifest-merger/25.3.3/5784f5b3d8813aafa0ac8938d493a7e800d80e7b/manifest-merger-25.3.3.jar
7f77874be000-7f77874c1000 r--s 0001c000 ca:01 91859                      /home/ubuntu/.gradle/caches/modules-2/files-2.1/com.android.tools/common/25.3.3/b549ae6ded62a4408f48c602279c83255b9b95e6/common-25.3.3.jar
7f77874c1000-7f77874ca000 r--s 00089000 ca:01 91858                      /home/ubuntu/.gradle/caches/modules-2/files-2.1/com.android.tools/sdk-common/25.3.3/bc87eae04486cb16eebd0b2db3a067977fd6a784/sdk-common-25.3.3.jar
7f77874ca000-7f77874d4000 r--s 00098000 ca:01 91857                      /home/ubuntu/.gradle/caches/modules-2/files-2.1/com.android.tools/sdklib/25.3.3/131aeb4b4bb637dd7c634c6ef89dd89e3acf39c2/sdklib-25.3.3.jar
7f77874d4000-7f77874d5000 r--s 00002000 ca:01 91856                      /home/ubuntu/.gradle/caches/modules-2/files-2.1/com.android.tools.build/builder-test-api/2.3.3/257ee44641dca594f94c00aa252626347a84ff72/builder-test-api-2.3.3.jar
7f77874d5000-7f77874d8000 r--s 00006000 ca:01 91855                      /home/ubuntu/.gradle/caches/modules-2/files-2.1/com.android.tools.build/builder-model/2.3.3/d2d2d56a8dbd830a172b0917dfda87fdda9c6393/builder-model-2.3.3.jar
7f77874d8000-7f77874e7000 r--s 00130000 ca:01 91854                      /home/ubuntu/.gradle/caches/modules-2/files-2.1/com.google.protobuf/protobuf-java/3.0.0/6d325aa7c921661d84577c0a93d82da4df9fa4c8/protobuf-java-3.0.0.jar
7f77874e7000-7f77874e9000 r--s 00002000 ca:01 91853                      /home/ubuntu/.gradle/caches/modules-2/files-2.1/net.sf.proguard/proguard-gradle/5.3.2/bd6f515c9403fe7995948d76cccf881c83dc4610/proguard-gradle-5.3.2.jar
7f77874e9000-7f77874ee000 r--s 0002c000 ca:01 91852                      /home/ubuntu/.gradle/caches/modules-2/files-2.1/com.android.databinding/compilerCommon/2.3.3/1f0e06d55f3f72f3192b6e026d9a5a557d9e2ea6/compilerCommon-2.3.3.jar
7f77874ee000-7f77874ef000 r--s 00002000 ca:01 91851                      /home/ubuntu/.gradle/caches/modules-2/files-2.1/com.android.tools.build/gradle-api/2.3.3/3cc748d05ade0e279690b535e28d22fdf4341ada/gradle-api-2.3.3.jar
7f77874ef000-7f77874f4000 r--s 0005e000 ca:01 91850                      /home/ubuntu/.gradle/caches/modules-2/files-2.1/com.android.tools.lint/lint/25.3.3/abea61fde3e912a71fc1ce6c43e383533f6824b9/lint-25.3.3.jar
7f77874f4000-7f778750a000 r--s 00163000 ca:01 91849                      /home/ubuntu/.gradle/caches/modules-2/files-2.1/com.android.tools.build/builder/2.3.3/cd1759718adfce446c850a616dfac9f5863459a0/builder-2.3.3.jar
7f778750a000-7f7787529000 r--s 001ca000 ca:01 91848                      /home/ubuntu/.gradle/caches/modules-2/files-2.1/com.android.tools.build/gradle-core/2.3.3/2e96c3750f040fb0e48f4346c29b3924fe0dae08/gradle-core-2.3.3.jar
7f7787529000-7f778752b000 r--s 0000d000 ca:01 91847                      /home/ubuntu/.gradle/caches/modules-2/files-2.1/com.android.tools.build/gradle/2.3.3/f73080687a2488471a668ee37df38aa19a63e5da/gradle-2.3.3.jar
7f778752b000-7f778772b000 rw-p 00000000 00:00 0 
7f778772b000-7f778792b000 rw-p 00000000 00:00 0 
7f778792b000-7f778793e000 r--s 00346000 ca:01 266162                     /usr/lib/jvm/java-8-openjdk-amd64/jre/lib/resources.jar
7f778793e000-7f7787b3e000 rw-p 00000000 00:00 0 
7f7787b3e000-7f7787b41000 r--s 00015000 ca:01 266164                     /usr/lib/jvm/java-8-openjdk-amd64/jre/lib/jce.jar
7f7787b41000-7f7787d41000 rw-p 00000000 00:00 0 
7f7787d41000-7f7787f41000 rw-p 00000000 00:00 0 
7f7787f41000-7f7788141000 rw-p 00000000 00:00 0 
7f7788141000-7f778816c000 r--s 001fc000 ca:01 59722                      /home/ubuntu/.gradle/caches/modules-2/files-2.1/com.google.guava/guava/18.0/cce0823396aa693798f8882e64213b1772032b09/guava-18.0.jar
7f778816c000-7f778816d000 r--s 00001000 ca:01 59721                      /home/ubuntu/.gradle/caches/modules-2/files-2.1/com.android.tools/annotations/25.2.3/a9970f79003cbf4aaaf26a5590aca7066f209347/annotations-25.2.3.jar
7f778816d000-7f7788180000 r--s 000b2000 ca:01 59720                      /home/ubuntu/.gradle/caches/modules-2/files-2.1/com.android.tools.external.com-intellij/uast/145.597.4/6b430796bdb6563146affb34fb840c64e8d1d3b1/uast-145.597.4.jar
7f7788180000-7f7788188000 r--s 000a8000 ca:01 59719                      /home/ubuntu/.gradle/caches/modules-2/files-2.1/com.android.tools.external.lombok/lombok-ast/0.2.3/528b6f8bde3157f17530aa366631f2aad2a6cf9/lombok-ast-0.2.3.jar
7f7788188000-7f778818a000 r--s 0000d000 ca:01 59718                      /home/ubuntu/.gradle/caches/modules-2/files-2.1/commons-codec/commons-codec/1.4/4216af16d38465bbab0f3dff8efa14204f7a399a/commons-codec-1.4.jar
7f778818a000-7f778818c000 r--s 0000d000 ca:01 59716                      /home/ubuntu/.gradle/caches/modules-2/files-2.1/commons-logging/commons-logging/1.1.1/5043bfebc3db072ed80fbd362e7caf00e885d8ae/commons-logging-1.1.1.jar
7f778818c000-7f7788191000 r--s 00028000 ca:01 59715                      /home/ubuntu/.gradle/caches/modules-2/files-2.1/org.apache.httpcomponents/httpcore/4.1/33fc26c02f8043ab0ede19eadc8c9885386b255c/httpcore-4.1.jar
7f7788191000-7f7788195000 r--s 0002f000 ca:01 59714                      /home/ubuntu/.gradle/caches/modules-2/files-2.1/com.google.jimfs/jimfs/1.1/8fbd0579dc68aba6186935cc1bee21d2f3e7ec1c/jimfs-1.1.jar
7f7788195000-7f7788196000 r--s 00004000 ca:01 59713                      /home/ubuntu/.gradle/caches/modules-2/files-2.1/com.intellij/annotations/12.0/bbcf6448f6d40abe506e2c83b70a3e8bfd2b4539/annotations-12.0.jar
7f7788196000-7f7788197000 r--s 00004000 ca:01 59712                      /home/ubuntu/.gradle/caches/modules-2/files-2.1/org.ow2.asm/asm-analysis/5.0.4/51f5031331a56c462a3cc5126e21ab65958759a9/asm-analysis-5.0.4.jar
7f7788197000-7f778819b000 r--s 0003b000 ca:01 59711                      /home/ubuntu/.gradle/caches/modules-2/files-2.1/com.android.tools.lint/lint-api/25.2.3/fb7afa11dcda11d5bf0fcd3dcfec3e13ee921057/lint-api-25.2.3.jar
7f778819b000-7f778819c000 r--s 0000a000 ca:01 59710                      /home/ubuntu/.gradle/caches/modules-2/files-2.1/net.sf.kxml/kxml2/2.3.0/ccbc77a5fd907ef863c29f3596c6f54ffa4e9442/kxml2-2.3.0.jar
7f778819c000-7f778819e000 r--s 00005000 ca:01 59709                      /home/ubuntu/.gradle/caches/modules-2/files-2.1/org.apache.httpcomponents/httpmime/4.1/9ba2dcdf94ce35c8a8e9bff242db0618ca932e92/httpmime-4.1.jar
7f778819e000-7f77881a6000 r--s 0004e000 ca:01 59708                      /home/ubuntu/.gradle/caches/modules-2/files-2.1/org.apache.httpcomponents/httpclient/4.1.1/3d1d918f32709e33ba7ddb2c4e8d1c543ebe713e/httpclient-4.1.1.jar
7f77881a6000-7f77881ad000 r--s 00053000 ca:01 59707                      /home/ubuntu/.gradle/caches/modules-2/files-2.1/org.apache.commons/commons-compress/1.8.1/a698750c16740fd5b3871425f4cb3bbaa87f529d/commons-compress-1.8.1.jar
7f77881ad000-7f77881b2000 r--s 0002a000 ca:01 59706                      /home/ubuntu/.gradle/caches/modules-2/files-2.1/com.google.code.gson/gson/2.2.4/a60a5e993c98c864010053cb901b7eab25306568/gson-2.2.4.jar
7f77881b2000-7f77881b7000 r--s 0002d000 ca:01 59705                      /home/ubuntu/.gradle/caches/modules-2/files-2.1/com.android.tools/repository/25.2.3/179dee8115834f40bd9b39675da3a0273174c3ca/repository-25.2.3.jar
7f77881b7000-7f77881b8000 r--s 00005000 ca:01 59704                      /home/ubuntu/.gradle/caches/modules-2/files-2.1/com.android.tools/dvlib/25.2.3/5afd79f645811a98c0519141cc13900c659091a8/dvlib-25.2.3.jar
7f77881b8000-7f77881bb000 r--s 00014000 ca:01 59703                      /home/ubuntu/.gradle/caches/modules-2/files-2.1/com.android.tools.layoutlib/layoutlib-api/25.2.3/ead9944caa7cba814184148efe69faf8896f4478/layoutlib-api-25.2.3.jar
7f77881bb000-7f77881bf000 r--s 00037000 ca:01 59702                      /home/ubuntu/.gradle/caches/modules-2/files-2.1/org.antlr/ST4/4.0.8/a1c55e974f8a94d78e2348fa6ff63f4fa1fae64/ST4-4.0.8.jar
7f77881bf000-7f77881c2000 r--s 00026000 ca:01 59701                      /home/ubuntu/.gradle/caches/modules-2/files-2.1/org.antlr/antlr-runtime/3.5.2/cd9cd41361c155f3af0f653009dcecb08d8b4afd/antlr-runtime-3.5.2.jar
7f77881c2000-7f77881c7000 r--s 00058000 ca:01 59700                      /home/ubuntu/.gradle/caches/modules-2/files-2.1/org.ow2.asm/asm-debug-all/5.0.1/f69b5f7d96cec0d448acf1c1a266584170c9643b/asm-debug-all-5.0.1.jar
7f77881c7000-7f77881d7000 r--s 000d6000 ca:01 59699                      /home/ubuntu/.gradle/caches/modules-2/files-2.1/net.sf.proguard/proguard-base/5.2.1/4f61348b4e7c943b85679dcb697f3a5fc3101921/proguard-base-5.2.1.jar
7f77881d7000-7f77881da000 r--s 00033000 ca:01 59698                      /home/ubuntu/.gradle/caches/modules-2/files-2.1/com.googlecode.juniversalchardet/juniversalchardet/1.0.3/cd49678784c46aa8789c060538e0154013bb421b/juniversalchardet-1.0.3.jar
7f77881da000-7f77881de000 r--s 0002a000 ca:01 59697                      /home/ubuntu/.gradle/caches/modules-2/files-2.1/commons-io/commons-io/2.4/b1b6ea3b7e4aa4f492509a4952029cd8e48019ad/commons-io-2.4.jar
7f77881de000-7f77881f5000 r--s 00154000 ca:01 59696                      /home/ubuntu/.gradle/caches/modules-2/files-2.1/org.antlr/antlr4/4.5.3/f35db7e4b2446e4174ba6a73db7bd6b3e6bb5da1/antlr4-4.5.3.jar
7f77881f5000-7f77881f6000 r--s 00002000 ca:01 59695                      /home/ubuntu/.gradle/caches/modules-2/files-2.1/com.android.databinding/baseLibrary/2.2.3/b4b51d1925cdfda98fd861230c1ecb5855500129/baseLibrary-2.2.3.jar
7f77881f6000-7f7788209000 r--s 00236000 ca:01 59423                      /home/ubuntu/.gradle/caches/modules-2/files-2.1/org.eclipse.jdt.core.compiler/ecj/4.5.1/bee1367ac12fb6a20b422ff8711ebeb4f0a42316/ecj-4.5.1.jar
7f7788209000-7f7788210000 r--s 000c3000 ca:01 59422                      /home/ubuntu/.gradle/caches/modules-2/files-2.1/com.android.tools.lint/lint-checks/25.2.3/eae71c1f5ce54195dc821133e3a5df8145de8ff5/lint-checks-25.2.3.jar
7f7788210000-7f7788212000 r--s 00006000 ca:01 59421                      /home/ubuntu/.gradle/caches/modules-2/files-2.1/org.ow2.asm/asm-tree/5.0.4/396ce0c07ba2b481f25a70195c7c94922f0d1b0b/asm-tree-5.0.4.jar
7f7788212000-7f7788245000 r--s 00203000 ca:01 59417                      /home/ubuntu/.gradle/caches/modules-2/files-2.1/org.bouncycastle/bcprov-jdk15on/1.48/960dea7c9181ba0b17e8bab0c06a43f0a5f04e65/bcprov-jdk15on-1.48.jar
7f7788245000-7f7788253000 r--s 00081000 ca:01 59416                      /home/ubuntu/.gradle/caches/modules-2/files-2.1/org.bouncycastle/bcpkix-jdk15on/1.48/28b7614b908a47844bb27e3c94b45b6893656265/bcpkix-jdk15on-1.48.jar
7f7788253000-7f7788255000 r--s 00002000 ca:01 59415                      /home/ubuntu/.gradle/caches/modules-2/files-2.1/com.squareup/javawriter/2.5.0/81241ff7078ef14f42ea2a8995fa09c096256e6b/javawriter-2.5.0.jar
7f7788255000-7f7788256000 r--s 00002000 ca:01 58728                      /home/ubuntu/.gradle/caches/modules-2/files-2.1/com.android.tools.analytics-library/tracker/25.2.3/c807f7b3d9aa3cee795ecac620d22c5ca7dd92e1/tracker-25.2.3.jar
7f7788256000-7f7788258000 r--s 00003000 ca:01 58457                      /home/ubuntu/.gradle/caches/modules-2/files-2.1/com.android.tools.analytics-library/shared/25.2.3/785426dac20cfe596e4cf36d01aad930ffdcb05c/shared-25.2.3.jar
7f7788258000-7f7788265000 r--s 000ed000 ca:01 58456                      /home/ubuntu/.gradle/caches/modules-2/files-2.1/com.android.tools.analytics-library/protos/25.2.3/821098054f9667d0f2536d7f2d0200d8bdd9c898/protos-25.2.3.jar
7f7788265000-7f7788267000 r--s 00003000 ca:01 58446                      /home/ubuntu/.gradle/caches/modules-2/files-2.1/com.android.tools.jack/jack-api/0.11.0/ccda6afebd2b9cf60886c601ea561bba62c35c70/jack-api-0.11.0.jar
7f7788267000-7f778826c000 r--s 0004a000 ca:01 58444                      /home/ubuntu/.gradle/caches/modules-2/files-2.1/com.android.tools.ddms/ddmlib/25.2.3/2b66df9156f476b0ccee44b378cd09073118ff59/ddmlib-25.2.3.jar
7f778826c000-7f7788274000 r--s 00084000 ca:01 58430                      /home/ubuntu/.gradle/caches/modules-2/files-2.1/com.android.tools/sdk-common/25.2.3/2c49ca3df5bb961473b096bab2a615a7cda50dc/sdk-common-25.2.3.jar
7f7788274000-7f778827f000 r--s 0008e000 ca:01 58429                      /home/ubuntu/.gradle/caches/modules-2/files-2.1/com.android.tools/sdklib/25.2.3/9f12cfc56b1df4e42fa2b73f9936b586b9a56a2/sdklib-25.2.3.jar
7f778827f000-7f778847f000 rw-p 00000000 00:00 0 
7f778847f000-7f778867f000 rw-p 00000000 00:00 0 
7f778867f000-7f7788682000 ---p 00000000 00:00 0 
7f7788682000-7f7788980000 rw-p 00000000 00:00 0 
7f7788980000-7f7788981000 r--s 00001000 ca:01 58447                      /home/ubuntu/.gradle/caches/modules-2/files-2.1/com.android.tools.jill/jill-api/0.10.0/7dfd6360ae4af1e171ec67b92e0cf065d59eef19/jill-api-0.10.0.jar
7f7788981000-7f7788984000 r--s 00021000 ca:01 58436                      /home/ubuntu/.gradle/caches/modules-2/files-2.1/com.android.tools.build/manifest-merger/25.2.3/d0212c507be4c38c39f4ee06a7df5a44f500ed3b/manifest-merger-25.2.3.jar
7f7788984000-7f7788986000 r--s 0001c000 ca:01 58435                      /home/ubuntu/.gradle/caches/modules-2/files-2.1/com.android.tools/common/25.2.3/255aa01048bebb511d828c6a5fc668df13b8f39d/common-25.2.3.jar
7f7788986000-7f7788987000 r--s 00002000 ca:01 58425                      /home/ubuntu/.gradle/caches/modules-2/files-2.1/com.android.tools.build/builder-test-api/2.2.3/700079fc243c217dbd6250ac01d2d6210ca8a0d6/builder-test-api-2.2.3.jar
7f7788987000-7f778898a000 r--s 00005000 ca:01 58419                      /home/ubuntu/.gradle/caches/modules-2/files-2.1/com.android.tools.build/builder-model/2.2.3/eddf6035ce0a31651527b4c3cc239428e877c43a/builder-model-2.2.3.jar
7f778898a000-7f7788994000 r--s 00110000 ca:01 58418                      /home/ubuntu/.gradle/caches/modules-2/files-2.1/org.antlr/antlr/3.5.2/c4a65c950bfc3e7d04309c515b2177c00baf7764/antlr-3.5.2.jar
7f7788994000-7f778899c000 r--s 0007b000 ca:01 58417                      /home/ubuntu/.gradle/caches/modules-2/files-2.1/com.google.protobuf/protobuf-java/2.5.0/a10732c76bfacdbd633a7eb0f7968b1059a65dfa/protobuf-java-2.5.0.jar
7f778899c000-7f778899e000 r--s 0000f000 ca:01 58411                      /home/ubuntu/.gradle/caches/modules-2/files-2.1/net.sf.jopt-simple/jopt-simple/4.9/ee9e9eaa0a35360dcfeac129ff4923215fd65904/jopt-simple-4.9.jar
7f778899e000-7f77889a2000 r--s 0001f000 ca:01 58407                      /home/ubuntu/.gradle/caches/modules-2/files-2.1/org.jacoco/org.jacoco.report/0.7.5.201505241946/cb1ac5562a45c98cd7b774452f3e8b867b71cd65/org.jacoco.report-0.7.5.201505241946.jar
7f77889a2000-7f77889a6000 r--s 0001d000 ca:01 58406                      /home/ubuntu/.gradle/caches/modules-2/files-2.1/org.jacoco/org.jacoco.core/0.7.5.201505241946/1ea906dc5201d2a1bc0604f8650534d4bcaf4c95/org.jacoco.core-0.7.5.201505241946.jar
7f77889a6000-7f77889a7000 r--s 00002000 ca:01 58396                      /home/ubuntu/.gradle/caches/modules-2/files-2.1/net.sf.proguard/proguard-gradle/5.2.1/5e9956c050fd84fa043517e77c4c0ff175a6b002/proguard-gradle-5.2.1.jar
7f77889a7000-7f77889a9000 r--s 00009000 ca:01 58394                      /home/ubuntu/.gradle/caches/modules-2/files-2.1/org.ow2.asm/asm-commons/5.0.4/5a556786086c23cd689a0328f8519db93821c04c/asm-commons-5.0.4.jar
7f77889a9000-7f77889ab000 r--s 0000c000 ca:01 58393                      /home/ubuntu/.gradle/caches/modules-2/files-2.1/org.ow2.asm/asm/5.0.4/da08b8cce7bbf903602a25a3a163ae252435795/asm-5.0.4.jar
7f77889ab000-7f77889af000 r--s 0002b000 ca:01 58369                      /home/ubuntu/.gradle/caches/modules-2/files-2.1/com.android.databinding/compilerCommon/2.2.3/8c3829022a54acd042b5382a4a873ee2d64c29ee/compilerCommon-2.2.3.jar
7f77889af000-7f77889c6000 r--s 0015e000 ca:01 58353                      /home/ubuntu/.gradle/caches/modules-2/files-2.1/com.android.tools.build/builder/2.2.3/13e7339544e824a3a5f8ecff42173c013791578b/builder-2.2.3.jar
7f77889c6000-7f77889c9000 ---p 00000000 00:00 0 
7f77889c9000-7f7788bff000 rw-p 00000000 00:00 0 
7f7788bff000-7f7788dff000 rw-p 00000000 00:00 0 
7f7788dff000-7f7788fff000 rw-p 00000000 00:00 0 
7f7788fff000-7f778c000000 rw-p 00000000 00:00 0 
7f778c000000-7f778d694000 rw-p 00000000 00:00 0 
7f778d694000-7f7790000000 ---p 00000000 00:00 0 
7f7790000000-7f7790021000 rw-p 00000000 00:00 0 
7f7790021000-7f7794000000 ---p 00000000 00:00 0 
7f7794000000-7f7794021000 rw-p 00000000 00:00 0 
7f7794021000-7f7798000000 ---p 00000000 00:00 0 
7f7798000000-7f7799df5000 rw-p 00000000 00:00 0 
7f7799df5000-7f779c000000 ---p 00000000 00:00 0 
7f779c000000-7f779c021000 rw-p 00000000 00:00 0 
7f779c021000-7f77a0000000 ---p 00000000 00:00 0 
7f77a0000000-7f77a0021000 rw-p 00000000 00:00 0 
7f77a0021000-7f77a4000000 ---p 00000000 00:00 0 
7f77a4000000-7f77a41e4000 rw-p 00000000 00:00 0 
7f77a41e4000-7f77a8000000 ---p 00000000 00:00 0 
7f77a8000000-7f77a8001000 r--s 00002000 ca:01 58365                      /home/ubuntu/.gradle/caches/modules-2/files-2.1/com.android.tools.build/gradle-api/2.2.3/9a45614f789d4aab624d2a61983263885f42b615/gradle-api-2.2.3.jar
7f77a8001000-7f77a8002000 r--s 00000000 ca:01 58364                      /home/ubuntu/.gradle/caches/modules-2/files-2.1/com.android.tools.build/transform-api/2.0.0-deprecated-use-gradle-api/85bee1acea9e27152b920746c68133b30b11431/transform-api-2.0.0-deprecated-use-gradle-api.jar
7f77a8002000-7f77a8007000 r--s 00053000 ca:01 58359                      /home/ubuntu/.gradle/caches/modules-2/files-2.1/com.android.tools.lint/lint/25.2.3/aa03a3669f2913b9bc6f5f4fba4418f974e48cb7/lint-25.2.3.jar
7f77a8007000-7f77a8024000 r--s 0019d000 ca:01 58352                      /home/ubuntu/.gradle/caches/modules-2/files-2.1/com.android.tools.build/gradle-core/2.2.3/3a777b0626810e0ccdced7d750ac4b60c279616c/gradle-core-2.2.3.jar
7f77a8024000-7f77a8026000 r--s 0000d000 ca:01 58347                      /home/ubuntu/.gradle/caches/modules-2/files-2.1/com.android.tools.build/gradle/2.2.3/7b8f79621d95e3ce1e95c0852db14d9d7e1d1951/gradle-2.2.3.jar
7f77a8026000-7f77a8027000 r--p 00000000 00:00 0 
7f77a8027000-7f77a8227000 rw-p 00000000 00:00 0 
7f77a8227000-7f77a82a1000 r--s 010ff000 ca:01 260342                     /usr/lib/jvm/java-8-openjdk-amd64/lib/tools.jar
7f77a82a1000-7f77a84a1000 rw-p 00000000 00:00 0 
7f77a84a1000-7f77a84a3000 r--s 00007000 ca:01 541472                     /home/ubuntu/.gradle/wrapper/dists/gradle-2.14.1-all/8bnwg5hd3w55iofp58khbp6yv/gradle-2.14.1/lib/plugins/gradle-tooling-api-builders-2.14.1.jar
7f77a84a3000-7f77a84a6000 r--s 00008000 ca:01 541465                     /home/ubuntu/.gradle/wrapper/dists/gradle-2.14.1-all/8bnwg5hd3w55iofp58khbp6yv/gradle-2.14.1/lib/plugins/gradle-testing-native-2.14.1.jar
7f77a84a6000-7f77a84a8000 r--s 00009000 ca:01 541544                     /home/ubuntu/.gradle/wrapper/dists/gradle-2.14.1-all/8bnwg5hd3w55iofp58khbp6yv/gradle-2.14.1/lib/plugins/hamcrest-core-1.3.jar
7f77a84a8000-7f77a84ae000 r--s 00033000 ca:01 541538                     /home/ubuntu/.gradle/wrapper/dists/gradle-2.14.1-all/8bnwg5hd3w55iofp58khbp6yv/gradle-2.14.1/lib/plugins/snakeyaml-1.6.jar
7f77a84ae000-7f77a84b0000 r--s 00006000 ca:01 541537                     /home/ubuntu/.gradle/wrapper/dists/gradle-2.14.1-all/8bnwg5hd3w55iofp58khbp6yv/gradle-2.14.1/lib/plugins/jcommander-1.12.jar
7f77a84b0000-7f77a84b5000 r--s 00040000 ca:01 541536                     /home/ubuntu/.gradle/wrapper/dists/gradle-2.14.1-all/8bnwg5hd3w55iofp58khbp6yv/gradle-2.14.1/lib/plugins/bsh-2.0b4.jar
7f77a84b5000-7f77a84be000 r--s 00089000 ca:01 541495                     /home/ubuntu/.gradle/wrapper/dists/gradle-2.14.1-all/8bnwg5hd3w55iofp58khbp6yv/gradle-2.14.1/lib/plugins/testng-6.3.1.jar
7f77a84be000-7f77a84c6000 r--s 00045000 ca:01 541494                     /home/ubuntu/.gradle/wrapper/dists/gradle-2.14.1-all/8bnwg5hd3w55iofp58khbp6yv/gradle-2.14.1/lib/plugins/junit-4.12.jar
7f77a84c6000-7f77a84cc000 r--s 0002e000 ca:01 541466                     /home/ubuntu/.gradle/wrapper/dists/gradle-2.14.1-all/8bnwg5hd3w55iofp58khbp6yv/gradle-2.14.1/lib/plugins/gradle-testing-jvm-2.14.1.jar
7f77a84cc000-7f77a84d1000 r--s 00015000 ca:01 541464                     /home/ubuntu/.gradle/wrapper/dists/gradle-2.14.1-all/8bnwg5hd3w55iofp58khbp6yv/gradle-2.14.1/lib/plugins/gradle-testing-base-2.14.1.jar
7f77a84d1000-7f77a84d2000 r--s 00002000 ca:01 541488                     /home/ubuntu/.gradle/wrapper/dists/gradle-2.14.1-all/8bnwg5hd3w55iofp58khbp6yv/gradle-2.14.1/lib/plugins/sonar-batch-bootstrapper-2.9.jar
7f77a84d2000-7f77a84d5000 r--s 00015000 ca:01 541442                     /home/ubuntu/.gradle/wrapper/dists/gradle-2.14.1-all/8bnwg5hd3w55iofp58khbp6yv/gradle-2.14.1/lib/plugins/gradle-sonar-2.14.1.jar
7f77a84d5000-7f77a84dc000 r--s 00038000 ca:01 541489                     /home/ubuntu/.gradle/wrapper/dists/gradle-2.14.1-all/8bnwg5hd3w55iofp58khbp6yv/gradle-2.14.1/lib/plugins/bcpg-jdk15on-1.51.jar
7f77a84dc000-7f77a84de000 r--s 0000d000 ca:01 541443                     /home/ubuntu/.gradle/wrapper/dists/gradle-2.14.1-all/8bnwg5hd3w55iofp58khbp6yv/gradle-2.14.1/lib/plugins/gradle-signing-2.14.1.jar
7f77a84de000-7f77a84e1000 r--s 00009000 ca:01 541441                     /home/ubuntu/.gradle/wrapper/dists/gradle-2.14.1-all/8bnwg5hd3w55iofp58khbp6yv/gradle-2.14.1/lib/plugins/gradle-scala-2.14.1.jar
7f77a84e1000-7f77a84e2000 r--s 00004000 ca:01 541470                     /home/ubuntu/.gradle/wrapper/dists/gradle-2.14.1-all/8bnwg5hd3w55iofp58khbp6yv/gradle-2.14.1/lib/plugins/gradle-resources-sftp-2.14.1.jar
7f77a84e2000-7f77a84f2000 r--s 00088000 ca:01 541505                     /home/ubuntu/.gradle/wrapper/dists/gradle-2.14.1-all/8bnwg5hd3w55iofp58khbp6yv/gradle-2.14.1/lib/plugins/joda-time-2.8.2.jar
7f77a84f2000-7f77a8503000 r--s 000cf000 ca:01 541504                     /home/ubuntu/.gradle/wrapper/dists/gradle-2.14.1-all/8bnwg5hd3w55iofp58khbp6yv/gradle-2.14.1/lib/plugins/jackson-databind-2.3.2.jar
7f77a8503000-7f77a8505000 r--s 00007000 ca:01 541503                     /home/ubuntu/.gradle/wrapper/dists/gradle-2.14.1-all/8bnwg5hd3w55iofp58khbp6yv/gradle-2.14.1/lib/plugins/jackson-annotations-2.3.2.jar
7f77a8505000-7f77a8508000 r--s 0002e000 ca:01 541502                     /home/ubuntu/.gradle/wrapper/dists/gradle-2.14.1-all/8bnwg5hd3w55iofp58khbp6yv/gradle-2.14.1/lib/plugins/jackson-core-2.3.2.jar
7f77a8508000-7f77a8513000 r--s 0006b000 ca:01 541501                     /home/ubuntu/.gradle/wrapper/dists/gradle-2.14.1-all/8bnwg5hd3w55iofp58khbp6yv/gradle-2.14.1/lib/plugins/aws-java-sdk-core-1.9.19.jar
7f77a8513000-7f77a8519000 r--s 00036000 ca:01 541500                     /home/ubuntu/.gradle/wrapper/dists/gradle-2.14.1-all/8bnwg5hd3w55iofp58khbp6yv/gradle-2.14.1/lib/plugins/aws-java-sdk-kms-1.9.19.jar
7f77a8519000-7f77a8524000 r--s 00079000 ca:01 541499                     /home/ubuntu/.gradle/wrapper/dists/gradle-2.14.1-all/8bnwg5hd3w55iofp58khbp6yv/gradle-2.14.1/lib/plugins/aws-java-sdk-s3-1.9.19.jar
7f77a8524000-7f77a8525000 r--s 00003000 ca:01 541471                     /home/ubuntu/.gradle/wrapper/dists/gradle-2.14.1-all/8bnwg5hd3w55iofp58khbp6yv/gradle-2.14.1/lib/plugins/gradle-resources-s3-2.14.1.jar
7f77a8525000-7f77a8527000 r--s 00005000 ca:01 541493                     /home/ubuntu/.gradle/wrapper/dists/gradle-2.14.1-all/8bnwg5hd3w55iofp58khbp6yv/gradle-2.14.1/lib/plugins/jatl-0.2.2.jar
7f77a8527000-7f77a8529000 r--s 0000f000 ca:01 541448                     /home/ubuntu/.gradle/wrapper/dists/gradle-2.14.1-all/8bnwg5hd3w55iofp58khbp6yv/gradle-2.14.1/lib/plugins/gradle-reporting-2.14.1.jar
7f77a8529000-7f77a852b000 r--s 00002000 ca:01 541449                     /home/ubuntu/.gradle/wrapper/dists/gradle-2.14.1-all/8bnwg5hd3w55iofp58khbp6yv/gradle-2.14.1/lib/plugins/gradle-publish-2.14.1.jar
7f77a852b000-7f77a852d000 r--s 00009000 ca:01 541475                     /home/ubuntu/.gradle/wrapper/dists/gradle-2.14.1-all/8bnwg5hd3w55iofp58khbp6yv/gradle-2.14.1/lib/plugins/commons-cli-1.2.jar
7f77a852d000-7f77a8533000 r--s 00033000 ca:01 541433                     /home/ubuntu/.gradle/wrapper/dists/gradle-2.14.1-all/8bnwg5hd3w55iofp58khbp6yv/gradle-2.14.1/lib/plugins/gradle-plugins-2.14.1.jar
7f77a8533000-7f77a8535000 r--s 00007000 ca:01 541467                     /home/ubuntu/.gradle/wrapper/dists/gradle-2.14.1-all/8bnwg5hd3w55iofp58khbp6yv/gradle-2.14.1/lib/plugins/gradle-plugin-development-2.14.1.jar
7f77a8535000-7f77a853b000 r--s 0002a000 ca:01 541460                     /home/ubuntu/.gradle/wrapper/dists/gradle-2.14.1-all/8bnwg5hd3w55iofp58khbp6yv/gradle-2.14.1/lib/plugins/gradle-platform-play-2.14.1.jar
7f77a853b000-7f77a8548000 r--s 0004d000 ca:01 541459                     /home/ubuntu/.gradle/wrapper/dists/gradle-2.14.1-all/8bnwg5hd3w55iofp58khbp6yv/gradle-2.14.1/lib/plugins/gradle-platform-native-2.14.1.jar
7f77a8548000-7f77a854c000 r--s 0001a000 ca:01 541454                     /home/ubuntu/.gradle/wrapper/dists/gradle-2.14.1-all/8bnwg5hd3w55iofp58khbp6yv/gradle-2.14.1/lib/plugins/gradle-platform-jvm-2.14.1.jar
7f77a854c000-7f77a8553000 r--s 00029000 ca:01 541453                     /home/ubuntu/.gradle/wrapper/dists/gradle-2.14.1-all/8bnwg5hd3w55iofp58khbp6yv/gradle-2.14.1/lib/plugins/gradle-platform-base-2.14.1.jar
7f77a8553000-7f77a8574000 r--s 001c3000 ca:01 541483                     /home/ubuntu/.gradle/wrapper/dists/gradle-2.14.1-all/8bnwg5hd3w55iofp58khbp6yv/gradle-2.14.1/lib/plugins/bndlib-2.4.0.jar
7f77a8574000-7f77a8576000 r--s 00003000 ca:01 541437                     /home/ubuntu/.gradle/wrapper/dists/gradle-2.14.1-all/8bnwg5hd3w55iofp58khbp6yv/gradle-2.14.1/lib/plugins/gradle-osgi-2.14.1.jar
7f77a8576000-7f77a8579000 r--s 0000c000 ca:01 541486                     /home/ubuntu/.gradle/wrapper/dists/gradle-2.14.1-all/8bnwg5hd3w55iofp58khbp6yv/gradle-2.14.1/lib/plugins/pmaven-groovy-0.8-20100325.jar
7f77a8579000-7f77a857a000 r--s 00004000 ca:01 541485                     /home/ubuntu/.gradle/wrapper/dists/gradle-2.14.1-all/8bnwg5hd3w55iofp58khbp6yv/gradle-2.14.1/lib/plugins/pmaven-common-0.8-20100325.jar
7f77a857a000-7f77a8580000 r--s 00022000 ca:01 541438                     /home/ubuntu/.gradle/wrapper/dists/gradle-2.14.1-all/8bnwg5hd3w55iofp58khbp6yv/gradle-2.14.1/lib/plugins/gradle-maven-2.14.1.jar
7f77a8580000-7f77a85a3000 r--s 00344000 ca:01 541510                     /home/ubuntu/.gradle/wrapper/dists/gradle-2.14.1-all/8bnwg5hd3w55iofp58khbp6yv/gradle-2.14.1/lib/plugins/core-3.1.1.jar
7f77a85a3000-7f77a85ac000 r-xp 00000000 ca:01 266155                     /usr/lib/jvm/java-8-openjdk-amd64/jre/lib/amd64/libmanagement.so
7f77a85ac000-7f77a87ab000 ---p 00009000 ca:01 266155                     /usr/lib/jvm/java-8-openjdk-amd64/jre/lib/amd64/libmanagement.so
7f77a87ab000-7f77a87ac000 r--p 00008000 ca:01 266155                     /usr/lib/jvm/java-8-openjdk-amd64/jre/lib/amd64/libmanagement.so
7f77a87ac000-7f77a87ad000 rw-p 00009000 ca:01 266155                     /usr/lib/jvm/java-8-openjdk-amd64/jre/lib/amd64/libmanagement.so
7f77a87ad000-7f77a87d2000 r-xp 00000000 ca:01 2124                       /lib/x86_64-linux-gnu/libtinfo.so.5.9
7f77a87d2000-7f77a89d1000 ---p 00025000 ca:01 2124                       /lib/x86_64-linux-gnu/libtinfo.so.5.9
7f77a89d1000-7f77a89d5000 r--p 00024000 ca:01 2124                       /lib/x86_64-linux-gnu/libtinfo.so.5.9
7f77a89d5000-7f77a89d6000 rw-p 00028000 ca:01 2124                       /lib/x86_64-linux-gnu/libtinfo.so.5.9
7f77a89d6000-7f77a89f7000 r-xp 00000000 ca:01 2008                       /lib/x86_64-linux-gnu/libncurses.so.5.9
7f77a89f7000-7f77a8bf6000 ---p 00021000 ca:01 2008                       /lib/x86_64-linux-gnu/libncurses.so.5.9
7f77a8bf6000-7f77a8bf7000 r--p 00020000 ca:01 2008                       /lib/x86_64-linux-gnu/libncurses.so.5.9
7f77a8bf7000-7f77a8bf8000 rw-p 00021000 ca:01 2008                       /lib/x86_64-linux-gnu/libncurses.so.5.9
7f77a8bf8000-7f77a8bfb000 r-xp 00000000 ca:01 548258                     /home/ubuntu/.gradle/native/19/linux-amd64/libnative-platform-curses.so
7f77a8bfb000-7f77a8dfb000 ---p 00003000 ca:01 548258                     /home/ubuntu/.gradle/native/19/linux-amd64/libnative-platform-curses.so
7f77a8dfb000-7f77a8dfc000 rw-p 00003000 ca:01 548258                     /home/ubuntu/.gradle/native/19/linux-amd64/libnative-platform-curses.so
7f77a8dfc000-7f77a8e00000 r-xp 00000000 ca:01 548256                     /home/ubuntu/.gradle/native/19/linux-amd64/libnative-platform.so
7f77a8e00000-7f77a8fff000 ---p 00004000 ca:01 548256                     /home/ubuntu/.gradle/native/19/linux-amd64/libnative-platform.so
7f77a8fff000-7f77a9000000 rw-p 00003000 ca:01 548256                     /home/ubuntu/.gradle/native/19/linux-amd64/libnative-platform.so
7f77a9000000-7f77aa840000 rwxp 00000000 00:00 0 
7f77aa840000-7f77b8000000 ---p 00000000 00:00 0 
7f77b8000000-7f77b9f37000 rw-p 00000000 00:00 0 
7f77b9f37000-7f77bc000000 ---p 00000000 00:00 0 
7f77bc000000-7f77bc002000 r--s 0000a000 ca:01 541458                     /home/ubuntu/.gradle/wrapper/dists/gradle-2.14.1-all/8bnwg5hd3w55iofp58khbp6yv/gradle-2.14.1/lib/plugins/gradle-language-scala-2.14.1.jar
7f77bc002000-7f77bc008000 r--s 0001a000 ca:01 541462                     /home/ubuntu/.gradle/wrapper/dists/gradle-2.14.1-all/8bnwg5hd3w55iofp58khbp6yv/gradle-2.14.1/lib/plugins/gradle-language-native-2.14.1.jar
7f77bc008000-7f77bc00a000 r--s 00008000 ca:01 541455                     /home/ubuntu/.gradle/wrapper/dists/gradle-2.14.1-all/8bnwg5hd3w55iofp58khbp6yv/gradle-2.14.1/lib/plugins/gradle-language-jvm-2.14.1.jar
7f77bc00a000-7f77bc010000 r--s 00024000 ca:01 541456                     /home/ubuntu/.gradle/wrapper/dists/gradle-2.14.1-all/8bnwg5hd3w55iofp58khbp6yv/gradle-2.14.1/lib/plugins/gradle-language-java-2.14.1.jar
7f77bc010000-7f77bc012000 r--s 0000a000 ca:01 541457                     /home/ubuntu/.gradle/wrapper/dists/gradle-2.14.1-all/8bnwg5hd3w55iofp58khbp6yv/gradle-2.14.1/lib/plugins/gradle-language-groovy-2.14.1.jar
7f77bc012000-7f77bc015000 r--s 0001e000 ca:01 541511                     /home/ubuntu/.gradle/wrapper/dists/gradle-2.14.1-all/8bnwg5hd3w55iofp58khbp6yv/gradle-2.14.1/lib/plugins/jsp-api-2.1-6.1.14.jar
7f77bc015000-7f77bc016000 r--s 00006000 ca:01 541509                     /home/ubuntu/.gradle/wrapper/dists/gradle-2.14.1-all/8bnwg5hd3w55iofp58khbp6yv/gradle-2.14.1/lib/plugins/jetty-naming-6.1.25.jar
7f77bc016000-7f77bc017000 r--s 00002000 ca:01 541482                     /home/ubuntu/.gradle/wrapper/dists/gradle-2.14.1-all/8bnwg5hd3w55iofp58khbp6yv/gradle-2.14.1/lib/plugins/geronimo-annotation_1.0_spec-1.0.jar
7f77bc017000-7f77bc019000 r--s 00002000 ca:01 541481                     /home/ubuntu/.gradle/wrapper/dists/gradle-2.14.1-all/8bnwg5hd3w55iofp58khbp6yv/gradle-2.14.1/lib/plugins/jetty-annotations-6.1.25.jar
7f77bc019000-7f77bc02a000 r--s 000ea000 ca:01 541480                     /home/ubuntu/.gradle/wrapper/dists/gradle-2.14.1-all/8bnwg5hd3w55iofp58khbp6yv/gradle-2.14.1/lib/plugins/jsp-2.1-6.1.14.jar
7f77bc02a000-7f77bc02c000 r--s 0000d000 ca:01 541479                     /home/ubuntu/.gradle/wrapper/dists/gradle-2.14.1-all/8bnwg5hd3w55iofp58khbp6yv/gradle-2.14.1/lib/plugins/jetty-plus-6.1.25.jar
7f77bc02c000-7f77bc02e000 r--s 0001f000 ca:01 541478                     /home/ubuntu/.gradle/wrapper/dists/gradle-2.14.1-all/8bnwg5hd3w55iofp58khbp6yv/gradle-2.14.1/lib/plugins/servlet-api-2.5-20081211.jar
7f77bc02e000-7f77bc032000 r--s 00028000 ca:01 541477                     /home/ubuntu/.gradle/wrapper/dists/gradle-2.14.1-all/8bnwg5hd3w55iofp58khbp6yv/gradle-2.14.1/lib/plugins/jetty-util-6.1.25.jar
7f77bc032000-7f77bc039000 r--s 0007d000 ca:01 541476                     /home/ubuntu/.gradle/wrapper/dists/gradle-2.14.1-all/8bnwg5hd3w55iofp58khbp6yv/gradle-2.14.1/lib/plugins/jetty-6.1.25.jar
7f77bc039000-7f77bc03b000 r--s 00009000 ca:01 541435                     /home/ubuntu/.gradle/wrapper/dists/gradle-2.14.1-all/8bnwg5hd3w55iofp58khbp6yv/gradle-2.14.1/lib/plugins/gradle-jetty-2.14.1.jar
7f77bc03b000-7f77bc042000 r--s 00035000 ca:01 541492                     /home/ubuntu/.gradle/wrapper/dists/gradle-2.14.1-all/8bnwg5hd3w55iofp58khbp6yv/gradle-2.14.1/lib/plugins/simple-4.1.21.jar
7f77bc042000-7f77bc04e000 r--s 00100000 ca:01 541490                     /home/ubuntu/.gradle/wrapper/dists/gradle-2.14.1-all/8bnwg5hd3w55iofp58khbp6yv/gradle-2.14.1/lib/plugins/rhino-1.7R3.jar
7f77bc04e000-7f77bc052000 r--s 00011000 ca:01 541445                     /home/ubuntu/.gradle/wrapper/dists/gradle-2.14.1-all/8bnwg5hd3w55iofp58khbp6yv/gradle-2.14.1/lib/plugins/gradle-javascript-2.14.1.jar
7f77bc052000-7f77bc054000 r--s 0000c000 ca:01 541451                     /home/ubuntu/.gradle/wrapper/dists/gradle-2.14.1-all/8bnwg5hd3w55iofp58khbp6yv/gradle-2.14.1/lib/plugins/gradle-jacoco-2.14.1.jar
7f77bc054000-7f77bc057000 r--s 0000e000 ca:01 541450                     /home/ubuntu/.gradle/wrapper/dists/gradle-2.14.1-all/8bnwg5hd3w55iofp58khbp6yv/gradle-2.14.1/lib/plugins/gradle-ivy-2.14.1.jar
7f77bc057000-7f77bc058000 r--s 00002000 ca:01 541461                     /home/ubuntu/.gradle/wrapper/dists/gradle-2.14.1-all/8bnwg5hd3w55iofp58khbp6yv/gradle-2.14.1/lib/plugins/gradle-ide-play-2.14.1.jar
7f77bc058000-7f77bc05d000 r--s 0002b000 ca:01 541463                     /home/ubuntu/.gradle/wrapper/dists/gradle-2.14.1-all/8bnwg5hd3w55iofp58khbp6yv/gradle-2.14.1/lib/plugins/gradle-ide-native-2.14.1.jar
7f77bc05d000-7f77bc068000 r--s 00066000 ca:01 541439                     /home/ubuntu/.gradle/wrapper/dists/gradle-2.14.1-all/8bnwg5hd3w55iofp58khbp6yv/gradle-2.14.1/lib/plugins/gradle-ide-2.14.1.jar
7f77bc068000-7f77bc069000 r--s 00008000 ca:01 541444                     /home/ubuntu/.gradle/wrapper/dists/gradle-2.14.1-all/8bnwg5hd3w55iofp58khbp6yv/gradle-2.14.1/lib/plugins/gradle-ear-2.14.1.jar
7f77bc069000-7f77bc06f000 r--s 00032000 ca:01 541447                     /home/ubuntu/.gradle/wrapper/dists/gradle-2.14.1-all/8bnwg5hd3w55iofp58khbp6yv/gradle-2.14.1/lib/plugins/gradle-diagnostics-2.14.1.jar
7f77bc06f000-7f77bc073000 r--s 00021000 ca:01 541434                     /home/ubuntu/.gradle/wrapper/dists/gradle-2.14.1-all/8bnwg5hd3w55iofp58khbp6yv/gradle-2.14.1/lib/plugins/gradle-code-quality-2.14.1.jar
7f77bc073000-7f77bc077000 r--s 0001f000 ca:01 541452                     /home/ubuntu/.gradle/wrapper/dists/gradle-2.14.1-all/8bnwg5hd3w55iofp58khbp6yv/gradle-2.14.1/lib/plugins/gradle-build-init-2.14.1.jar
7f77bc077000-7f77bc07e000 r--s 0008e000 ca:01 541446                     /home/ubuntu/.gradle/wrapper/dists/gradle-2.14.1-all/8bnwg5hd3w55iofp58khbp6yv/gradle-2.14.1/lib/plugins/gradle-build-comparison-2.14.1.jar
7f77bc07e000-7f77bc080000 r--s 00008000 ca:01 541436                     /home/ubuntu/.gradle/wrapper/dists/gradle-2.14.1-all/8bnwg5hd3w55iofp58khbp6yv/gradle-2.14.1/lib/plugins/gradle-antlr-2.14.1.jar
7f77bc080000-7f77bc082000 r--s 00004000 ca:01 541440                     /home/ubuntu/.gradle/wrapper/dists/gradle-2.14.1-all/8bnwg5hd3w55iofp58khbp6yv/gradle-2.14.1/lib/plugins/gradle-announce-2.14.1.jar
7f77bc082000-7f77bc09a000 r--s 00115000 ca:01 541541                     /home/ubuntu/.gradle/wrapper/dists/gradle-2.14.1-all/8bnwg5hd3w55iofp58khbp6yv/gradle-2.14.1/lib/plugins/xercesImpl-2.9.1.jar
7f77bc09a000-7f77bc0a2000 r--s 00028000 ca:01 541542                     /home/ubuntu/.gradle/wrapper/dists/gradle-2.14.1-all/8bnwg5hd3w55iofp58khbp6yv/gradle-2.14.1/lib/plugins/xml-apis-1.3.04.jar
7f77bc0a2000-7f77bc0a8000 r--s 0005b000 ca:01 541540                     /home/ubuntu/.gradle/wrapper/dists/gradle-2.14.1-all/8bnwg5hd3w55iofp58khbp6yv/gradle-2.14.1/lib/plugins/jcifs-1.3.17.jar
7f77bc0a8000-7f77bc0af000 r--s 00049000 ca:01 541539                     /home/ubuntu/.gradle/wrapper/dists/gradle-2.14.1-all/8bnwg5hd3w55iofp58khbp6yv/gradle-2.14.1/lib/plugins/httpcore-4.4.4.jar
7f77bc0af000-7f77bc0b5000 r--s 00033000 ca:01 541487                     /home/ubuntu/.gradle/wrapper/dists/gradle-2.14.1-all/8bnwg5hd3w55iofp58khbp6yv/gradle-2.14.1/lib/plugins/commons-codec-1.6.jar
7f77bc0b5000-7f77bc0b8000 r--s 0001c000 ca:01 541497                     /home/ubuntu/.gradle/wrapper/dists/gradle-2.14.1-all/8bnwg5hd3w55iofp58khbp6yv/gradle-2.14.1/lib/plugins/nekohtml-1.9.14.jar
7f77bc0b8000-7f77bc0c5000 r--s 000a4000 ca:01 541496                     /home/ubuntu/.gradle/wrapper/dists/gradle-2.14.1-all/8bnwg5hd3w55iofp58khbp6yv/gradle-2.14.1/lib/plugins/httpclient-4.4.1.jar
7f77bc0c5000-7f77bc0c7000 r--s 0000a000 ca:01 541469                     /home/ubuntu/.gradle/wrapper/dists/gradle-2.14.1-all/8bnwg5hd3w55iofp58khbp6yv/gradle-2.14.1/lib/plugins/gradle-resources-http-2.14.1.jar
7f77bc0c7000-7f77bc0cb000 r--s 00014000 ca:01 541468                     /home/ubuntu/.gradle/wrapper/dists/gradle-2.14.1-all/8bnwg5hd3w55iofp58khbp6yv/gradle-2.14.1/lib/plugins/gradle-plugin-use-2.14.1.jar
7f77bc0cb000-7f77bc0cc000 r--s 00000000 ca:01 541384                     /home/ubuntu/.gradle/wrapper/dists/gradle-2.14.1-all/8bnwg5hd3w55iofp58khbp6yv/gradle-2.14.1/lib/gradle-installation-beacon-2.14.1.jar
7f77bc0cc000-7f77bc0cd000 r--s 00007000 ca:01 541535                     /home/ubuntu/.gradle/wrapper/dists/gradle-2.14.1-all/8bnwg5hd3w55iofp58khbp6yv/gradle-2.14.1/lib/plugins/wagon-http-shared4-2.4.jar
7f77bc0cd000-7f77bc0d1000 r--s 00033000 ca:01 541534                     /home/ubuntu/.gradle/wrapper/dists/gradle-2.14.1-all/8bnwg5hd3w55iofp58khbp6yv/gradle-2.14.1/lib/plugins/plexus-utils-2.0.6.jar
7f77bc0d1000-7f77bc0d5000 r--s 00021000 ca:01 541533                     /home/ubuntu/.gradle/wrapper/dists/gradle-2.14.1-all/8bnwg5hd3w55iofp58khbp6yv/gradle-2.14.1/lib/plugins/maven-model-builder-3.0.4.jar
7f77bc0d5000-7f77bc0d6000 r--s 00002000 ca:01 541532                     /home/ubuntu/.gradle/wrapper/dists/gradle-2.14.1-all/8bnwg5hd3w55iofp58khbp6yv/gradle-2.14.1/lib/plugins/wagon-file-2.4.jar
7f77bc0d6000-7f77bc0d8000 r--s 00002000 ca:01 541531                     /home/ubuntu/.gradle/wrapper/dists/gradle-2.14.1-all/8bnwg5hd3w55iofp58khbp6yv/gradle-2.14.1/lib/plugins/plexus-cipher-1.7.jar
7f77bc0d8000-7f77bc0db000 r--s 00013000 ca:01 541530                     /home/ubuntu/.gradle/wrapper/dists/gradle-2.14.1-all/8bnwg5hd3w55iofp58khbp6yv/gradle-2.14.1/lib/plugins/aether-api-1.13.1.jar
7f77bc0db000-7f77bc0dd000 r--s 0000a000 ca:01 541529                     /home/ubuntu/.gradle/wrapper/dists/gradle-2.14.1-all/8bnwg5hd3w55iofp58khbp6yv/gradle-2.14.1/lib/plugins/maven-settings-3.0.4.jar
7f77bc0dd000-7f77bc0df000 r--s 0000d000 ca:01 541528                     /home/ubuntu/.gradle/wrapper/dists/gradle-2.14.1-all/8bnwg5hd3w55iofp58khbp6yv/gradle-2.14.1/lib/plugins/plexus-interpolation-1.14.jar
7f77bc0df000-7f77bc0e1000 r--s 0000b000 ca:01 541527                     /home/ubuntu/.gradle/wrapper/dists/gradle-2.14.1-all/8bnwg5hd3w55iofp58khbp6yv/gradle-2.14.1/lib/plugins/maven-artifact-3.0.4.jar
7f77bc0e1000-7f77bc0e8000 r--s 0002e000 ca:01 541526                     /home/ubuntu/.gradle/wrapper/dists/gradle-2.14.1-all/8bnwg5hd3w55iofp58khbp6yv/gradle-2.14.1/lib/plugins/plexus-container-default-1.5.5.jar
7f77bc0e8000-7f77bc0ea000 r--s 0000b000 ca:01 541525                     /home/ubuntu/.gradle/wrapper/dists/gradle-2.14.1-all/8bnwg5hd3w55iofp58khbp6yv/gradle-2.14.1/lib/plugins/maven-plugin-api-3.0.4.jar
7f77bc0ea000-7f77bc0ec000 r--s 00000000 ca:01 541543                     /home/ubuntu/.gradle/wrapper/dists/gradle-2.14.1-all/8bnwg5hd3w55iofp58khbp6yv/gradle-2.14.1/lib/plugins/plexus-component-annotations-1.5.5.jar
7f77bc0ec000-7f77bc0f2000 r--s 0003f000 ca:01 541524                     /home/ubuntu/.gradle/wrapper/dists/gradle-2.14.1-all/8bnwg5hd3w55iofp58khbp6yv/gradle-2.14.1/lib/plugins/maven-compat-3.0.4.jar
7f77bc0f2000-7f77bc0f5000 r--s 00008000 ca:01 541523                     /home/ubuntu/.gradle/wrapper/dists/gradle-2.14.1-all/8bnwg5hd3w55iofp58khbp6yv/gradle-2.14.1/lib/plugins/maven-settings-builder-3.0.4.jar
7f77bc0f5000-7f77bc0f6000 r--s 00002000 ca:01 541522                     /home/ubuntu/.gradle/wrapper/dists/gradle-2.14.1-all/8bnwg5hd3w55iofp58khbp6yv/gradle-2.14.1/lib/plugins/wagon-http-2.4.jar
7f77bc0f6000-7f77bc0f8000 r--s 00026000 ca:01 541521                     /home/ubuntu/.gradle/wrapper/dists/gradle-2.14.1-all/8bnwg5hd3w55iofp58khbp6yv/gradle-2.14.1/lib/plugins/maven-model-3.0.4.jar
7f77bc0f8000-7f77bc0fa000 r--s 00006000 ca:01 541520                     /home/ubuntu/.gradle/wrapper/dists/gradle-2.14.1-all/8bnwg5hd3w55iofp58khbp6yv/gradle-2.14.1/lib/plugins/aether-connector-wagon-1.13.1.jar
7f77bc0fa000-7f77bc0fc000 r--s 0000a000 ca:01 541519                     /home/ubuntu/.gradle/wrapper/dists/gradle-2.14.1-all/8bnwg5hd3w55iofp58khbp6yv/gradle-2.14.1/lib/plugins/plexus-classworlds-2.4.jar
7f77bc0fc000-7f77bc0fe000 r--s 00006000 ca:01 541518                     /home/ubuntu/.gradle/wrapper/dists/gradle-2.14.1-all/8bnwg5hd3w55iofp58khbp6yv/gradle-2.14.1/lib/plugins/maven-repository-metadata-3.0.4.jar
7f77bc0fe000-7f77bc100000 r--s 0000c000 ca:01 541517                     /home/ubuntu/.gradle/wrapper/dists/gradle-2.14.1-all/8bnwg5hd3w55iofp58khbp6yv/gradle-2.14.1/lib/plugins/maven-aether-provider-3.0.4.jar
7f77bc100000-7f77bc102000 r--s 0000b000 ca:01 541516                     /home/ubuntu/.gradle/wrapper/dists/gradle-2.14.1-all/8bnwg5hd3w55iofp58khbp6yv/gradle-2.14.1/lib/plugins/wagon-provider-api-2.4.jar
7f77bc102000-7f77bc103000 r--s 00003000 ca:01 541515                     /home/ubuntu/.gradle/wrapper/dists/gradle-2.14.1-all/8bnwg5hd3w55iofp58khbp6yv/gradle-2.14.1/lib/plugins/aether-spi-1.13.1.jar
7f77bc103000-7f77bc107000 r--s 0001c000 ca:01 541514                     /home/ubuntu/.gradle/wrapper/dists/gradle-2.14.1-all/8bnwg5hd3w55iofp58khbp6yv/gradle-2.14.1/lib/plugins/aether-util-1.13.1.jar
7f77bc107000-7f77bc10a000 r--s 0001d000 ca:01 541513                     /home/ubuntu/.gradle/wrapper/dists/gradle-2.14.1-all/8bnwg5hd3w55iofp58khbp6yv/gradle-2.14.1/lib/plugins/aether-impl-1.13.1.jar
7f77bc10a000-7f77bc10b000 r--s 00006000 ca:01 541512                     /home/ubuntu/.gradle/wrapper/dists/gradle-2.14.1-all/8bnwg5hd3w55iofp58khbp6yv/gradle-2.14.1/lib/plugins/plexus-sec-dispatcher-1.3.jar
7f77bc10b000-7f77bc110000 r--s 00040000 ca:01 541498                     /home/ubuntu/.gradle/wrapper/dists/gradle-2.14.1-all/8bnwg5hd3w55iofp58khbp6yv/gradle-2.14.1/lib/plugins/jsch-0.1.53.jar
7f77bc110000-7f77bc150000 r--s 00277000 ca:01 541508                     /home/ubuntu/.gradle/wrapper/dists/gradle-2.14.1-all/8bnwg5hd3w55iofp58khbp6yv/gradle-2.14.1/lib/plugins/bcprov-jdk15on-1.51.jar
7f77bc150000-7f77bc154000 r--s 0001d000 ca:01 541507                     /home/ubuntu/.gradle/wrapper/dists/gradle-2.14.1-all/8bnwg5hd3w55iofp58khbp6yv/gradle-2.14.1/lib/plugins/xbean-reflect-3.4.jar
7f77bc154000-7f77bc160000 r--s 0007d000 ca:01 541484                     /home/ubuntu/.gradle/wrapper/dists/gradle-2.14.1-all/8bnwg5hd3w55iofp58khbp6yv/gradle-2.14.1/lib/plugins/maven-core-3.0.4.jar
7f77bc160000-7f77bc165000 r--s 0002a000 ca:01 541491                     /home/ubuntu/.gradle/wrapper/dists/gradle-2.14.1-all/8bnwg5hd3w55iofp58khbp6yv/gradle-2.14.1/lib/plugins/gson-2.2.4.jar
7f77bc165000-7f77bc174000 r--s 000d9000 ca:01 541506                     /home/ubuntu/.gradle/wrapper/dists/gradle-2.14.1-all/8bnwg5hd3w55iofp58khbp6yv/gradle-2.14.1/lib/plugins/ivy-2.2.0.jar
7f77bc174000-7f77bc190000 r--s 000d3000 ca:01 541473                     /home/ubuntu/.gradle/wrapper/dists/gradle-2.14.1-all/8bnwg5hd3w55iofp58khbp6yv/gradle-2.14.1/lib/plugins/gradle-dependency-management-2.14.1.jar
7f77bc190000-7f77bc192000 r--s 00005000 ca:01 541383                     /home/ubuntu/.gradle/wrapper/dists/gradle-2.14.1-all/8bnwg5hd3w55iofp58khbp6yv/gradle-2.14.1/lib/gradle-wrapper-2.14.1.jar
7f77bc192000-7f77bc1a0000 r--s 0004f000 ca:01 541390                     /home/ubuntu/.gradle/wrapper/dists/gradle-2.14.1-all/8bnwg5hd3w55iofp58khbp6yv/gradle-2.14.1/lib/gradle-tooling-api-2.14.1.jar
7f77bc1a0000-7f77bc1a2000 r--s 00002000 ca:01 541410                     /home/ubuntu/.gradle/wrapper/dists/gradle-2.14.1-all/8bnwg5hd3w55iofp58khbp6yv/gradle-2.14.1/lib/gradle-open-api-2.14.1.jar
7f77bc1a2000-7f77bc1a8000 r--s 00032000 ca:01 541412                     /home/ubuntu/.gradle/wrapper/dists/gradle-2.14.1-all/8bnwg5hd3w55iofp58khbp6yv/gradle-2.14.1/lib/jaxen-1.1.jar
7f77bc1a8000-7f77bc1ad000 r--s 00048000 ca:01 541411                     /home/ubuntu/.gradle/wrapper/dists/gradle-2.14.1-all/8bnwg5hd3w55iofp58khbp6yv/gradle-2.14.1/lib/dom4j-1.6.1.jar
7f77bc1ad000-7f77bc1b8000 r--s 00059000 ca:01 541389                     /home/ubuntu/.gradle/wrapper/dists/gradle-2.14.1-all/8bnwg5hd3w55iofp58khbp6yv/gradle-2.14.1/lib/gradle-ui-2.14.1.jar
7f77bc1b8000-7f77bc1bb000 r--s 0000b000 ca:01 541408                     /home/ubuntu/.gradle/wrapper/dists/gradle-2.14.1-all/8bnwg5hd3w55iofp58khbp6yv/gradle-2.14.1/lib/gradle-resources-2.14.1.jar
7f77bc1bb000-7f77bc1bd000 r--s 00003000 ca:01 541420                     /home/ubuntu/.gradle/wrapper/dists/gradle-2.14.1-all/8bnwg5hd3w55iofp58khbp6yv/gradle-2.14.1/lib/jcl-over-slf4j-1.7.10.jar
7f77bc1bd000-7f77bc1be000 r--s 00005000 ca:01 541419                     /home/ubuntu/.gradle/wrapper/dists/gradle-2.14.1-all/8bnwg5hd3w55iofp58khbp6yv/gradle-2.14.1/lib/log4j-over-slf4j-1.7.10.jar
7f77bc1be000-7f77bc1c0000 r--s 00000000 ca:01 541418                     /home/ubuntu/.gradle/wrapper/dists/gradle-2.14.1-all/8bnwg5hd3w55iofp58khbp6yv/gradle-2.14.1/lib/jul-to-slf4j-1.7.10.jar
7f77bc1c0000-7f77bc1c5000 r--s 0001c000 ca:01 541407                     /home/ubuntu/.gradle/wrapper/dists/gradle-2.14.1-all/8bnwg5hd3w55iofp58khbp6yv/gradle-2.14.1/lib/gradle-logging-2.14.1.jar
7f77bc1c5000-7f77bc1c7000 r--s 00007000 ca:01 541431                     /home/ubuntu/.gradle/wrapper/dists/gradle-2.14.1-all/8bnwg5hd3w55iofp58khbp6yv/gradle-2.14.1/lib/objenesis-1.2.jar
7f77bc1c7000-7f77bc1c9000 r--s 00000000 ca:01 541430                     /home/ubuntu/.gradle/wrapper/dists/gradle-2.14.1-all/8bnwg5hd3w55iofp58khbp6yv/gradle-2.14.1/lib/minlog-1.2.jar
7f77bc1c9000-7f77bc1cb000 r--s 0000f000 ca:01 541429                     /home/ubuntu/.gradle/wrapper/dists/gradle-2.14.1-all/8bnwg5hd3w55iofp58khbp6yv/gradle-2.14.1/lib/reflectasm-1.07-shaded.jar
7f77bc1cb000-7f77bc1cf000 r--s 00026000 ca:01 541417                     /home/ubuntu/.gradle/wrapper/dists/gradle-2.14.1-all/8bnwg5hd3w55iofp58khbp6yv/gradle-2.14.1/lib/kryo-2.20.jar
7f77bc1cf000-7f77bc1d5000 r--s 00025000 ca:01 541406                     /home/ubuntu/.gradle/wrapper/dists/gradle-2.14.1-all/8bnwg5hd3w55iofp58khbp6yv/gradle-2.14.1/lib/gradle-messaging-2.14.1.jar
7f77bc1d5000-7f77bc1d6000 r--s 00003000 ca:01 541428                     /home/ubuntu/.gradle/wrapper/dists/gradle-2.14.1-all/8bnwg5hd3w55iofp58khbp6yv/gradle-2.14.1/lib/native-platform-freebsd-amd64-0.10.jar
7f77bc1d6000-7f77bc1d7000 r--s 00003000 ca:01 541427                     /home/ubuntu/.gradle/wrapper/dists/gradle-2.14.1-all/8bnwg5hd3w55iofp58khbp6yv/gradle-2.14.1/lib/native-platform-freebsd-i386-0.10.jar
7f77bc1d7000-7f77bc1d8000 r--s 00005000 ca:01 541426                     /home/ubuntu/.gradle/wrapper/dists/gradle-2.14.1-all/8bnwg5hd3w55iofp58khbp6yv/gradle-2.14.1/lib/native-platform-windows-i386-0.10.jar
7f77bc1d8000-7f77bc1d9000 r--s 00005000 ca:01 541425                     /home/ubuntu/.gradle/wrapper/dists/gradle-2.14.1-all/8bnwg5hd3w55iofp58khbp6yv/gradle-2.14.1/lib/native-platform-windows-amd64-0.10.jar
7f77bc1d9000-7f77bc1da000 r--s 00003000 ca:01 541424                     /home/ubuntu/.gradle/wrapper/dists/gradle-2.14.1-all/8bnwg5hd3w55iofp58khbp6yv/gradle-2.14.1/lib/native-platform-linux-i386-0.10.jar
7f77bc1da000-7f77bc1db000 r--s 00003000 ca:01 541423                     /home/ubuntu/.gradle/wrapper/dists/gradle-2.14.1-all/8bnwg5hd3w55iofp58khbp6yv/gradle-2.14.1/lib/native-platform-linux-amd64-0.10.jar
7f77bc1db000-7f77bc1dc000 r--s 00002000 ca:01 541422                     /home/ubuntu/.gradle/wrapper/dists/gradle-2.14.1-all/8bnwg5hd3w55iofp58khbp6yv/gradle-2.14.1/lib/native-platform-osx-amd64-0.10.jar
7f77bc1dc000-7f77bc1dd000 r--s 00002000 ca:01 541421                     /home/ubuntu/.gradle/wrapper/dists/gradle-2.14.1-all/8bnwg5hd3w55iofp58khbp6yv/gradle-2.14.1/lib/native-platform-osx-i386-0.10.jar
7f77bc1dd000-7f77bc1df000 r--s 00008000 ca:01 541415                     /home/ubuntu/.gradle/wrapper/dists/gradle-2.14.1-all/8bnwg5hd3w55iofp58khbp6yv/gradle-2.14.1/lib/jansi-1.2.1.jar
7f77bc1df000-7f77bc1e2000 r--s 0000d000 ca:01 541414                     /home/ubuntu/.gradle/wrapper/dists/gradle-2.14.1-all/8bnwg5hd3w55iofp58khbp6yv/gradle-2.14.1/lib/native-platform-0.10.jar
7f77bc1e2000-7f77bc1e6000 r--s 000e4000 ca:01 541413                     /home/ubuntu/.gradle/wrapper/dists/gradle-2.14.1-all/8bnwg5hd3w55iofp58khbp6yv/gradle-2.14.1/lib/jna-3.2.7.jar
7f77bc1e6000-7f77bc1e8000 r--s 00009000 ca:01 541391                     /home/ubuntu/.gradle/wrapper/dists/gradle-2.14.1-all/8bnwg5hd3w55iofp58khbp6yv/gradle-2.14.1/lib/gradle-native-2.14.1.jar
7f77bc1e8000-7f77bc1ea000 r--s 00005000 ca:01 541388                     /home/ubuntu/.gradle/wrapper/dists/gradle-2.14.1-all/8bnwg5hd3w55iofp58khbp6yv/gradle-2.14.1/lib/gradle-cli-2.14.1.jar
7f77bc1ea000-7f77bc1ec000 r--s 00007000 ca:01 541398                     /home/ubuntu/.gradle/wrapper/dists/gradle-2.14.1-all/8bnwg5hd3w55iofp58khbp6yv/gradle-2.14.1/lib/gradle-model-groovy-2.14.1.jar
7f77bc1ec000-7f77bc1ed000 r--s 00006000 ca:01 541405                     /home/ubuntu/.gradle/wrapper/dists/gradle-2.14.1-all/8bnwg5hd3w55iofp58khbp6yv/gradle-2.14.1/lib/gradle-base-services-groovy-2.14.1.jar
7f77bc1ed000-7f77bc1fc000 r--s 00080000 ca:01 541397                     /home/ubuntu/.gradle/wrapper/dists/gradle-2.14.1-all/8bnwg5hd3w55iofp58khbp6yv/gradle-2.14.1/lib/gradle-model-core-2.14.1.jar
7f77bc1fc000-7f77bc1fd000 r--s 00002000 ca:01 541409                     /home/ubuntu/.gradle/wrapper/dists/gradle-2.14.1-all/8bnwg5hd3w55iofp58khbp6yv/gradle-2.14.1/lib/gradle-docs-2.14.1.jar
7f77bc1fd000-7f77bc1fe000 r--s 00000000 ca:01 541404                     /home/ubuntu/.gradle/wrapper/dists/gradle-2.14.1-all/8bnwg5hd3w55iofp58khbp6yv/gradle-2.14.1/lib/javax.inject-1.jar
7f77bc1fe000-7f77bc1ff000 r--s 00000000 ca:01 541403                     /home/ubuntu/.gradle/wrapper/dists/gradle-2.14.1-all/8bnwg5hd3w55iofp58khbp6yv/gradle-2.14.1/lib/jcip-annotations-1.0.jar
7f77bc1ff000-7f77bc203000 r--s 00027000 ca:01 541402                     /home/ubuntu/.gradle/wrapper/dists/gradle-2.14.1-all/8bnwg5hd3w55iofp58khbp6yv/gradle-2.14.1/lib/commons-io-2.2.jar
7f77bc203000-7f77bc210000 r--s 00083000 ca:01 541401                     /home/ubuntu/.gradle/wrapper/dists/gradle-2.14.1-all/8bnwg5hd3w55iofp58khbp6yv/gradle-2.14.1/lib/commons-collections-3.2.2.jar
7f77bc210000-7f77bc215000 r--s 00038000 ca:01 541399                     /home/ubuntu/.gradle/wrapper/dists/gradle-2.14.1-all/8bnwg5hd3w55iofp58khbp6yv/gradle-2.14.1/lib/asm-all-5.1.jar
7f77bc215000-7f77bc284000 r--s 0063e000 ca:01 541396                     /home/ubuntu/.gradle/wrapper/dists/gradle-2.14.1-all/8bnwg5hd3w55iofp58khbp6yv/gradle-2.14.1/lib/groovy-all-2.4.4.jar
7f77bc284000-7f77bc285000 r--s 00001000 ca:01 541395                     /home/ubuntu/.gradle/wrapper/dists/gradle-2.14.1-all/8bnwg5hd3w55iofp58khbp6yv/gradle-2.14.1/lib/gradle-process-services-2.14.1.jar
7f77bc285000-7f77bc286000 r--s 00000000 ca:01 541386                     /home/ubuntu/.gradle/wrapper/dists/gradle-2.14.1-all/8bnwg5hd3w55iofp58khbp6yv/gradle-2.14.1/lib/gradle-jvm-services-2.14.1.jar
7f77bc286000-7f77bc28b000 r--s 00041000 ca:01 541394                     /home/ubuntu/.gradle/wrapper/dists/gradle-2.14.1-all/8bnwg5hd3w55iofp58khbp6yv/gradle-2.14.1/lib/commons-lang-2.6.jar
7f77bc28b000-7f77bc2b3000 r--s 001cf000 ca:01 541393                     /home/ubuntu/.gradle/wrapper/dists/gradle-2.14.1-all/8bnwg5hd3w55iofp58khbp6yv/gradle-2.14.1/lib/guava-jdk5-17.0.jar
7f77bc2b3000-7f77bc2d2000 r--s 001d1000 ca:01 541400                     /home/ubuntu/.gradle/wrapper/dists/gradle-2.14.1-all/8bnwg5hd3w55iofp58khbp6yv/gradle-2.14.1/lib/ant-1.9.6.jar
7f77bc2d2000-7f77bc2da000 r--s 0003a000 ca:01 541385                     /home/ubuntu/.gradle/wrapper/dists/gradle-2.14.1-all/8bnwg5hd3w55iofp58khbp6yv/gradle-2.14.1/lib/gradle-base-services-2.14.1.jar
7f77bc2da000-7f77bc311000 r--s 001bd000 ca:01 541387                     /home/ubuntu/.gradle/wrapper/dists/gradle-2.14.1-all/8bnwg5hd3w55iofp58khbp6yv/gradle-2.14.1/lib/gradle-core-2.14.1.jar
7f77bc311000-7f77bc31c000 r--s 00051000 ca:01 541382                     /home/ubuntu/.gradle/wrapper/dists/gradle-2.14.1-all/8bnwg5hd3w55iofp58khbp6yv/gradle-2.14.1/lib/gradle-launcher-2.14.1.jar
7f77bc31c000-7f77bc32d000 r-xp 00000000 ca:01 266152                     /usr/lib/jvm/java-8-openjdk-amd64/jre/lib/amd64/libnio.so
7f77bc32d000-7f77bc52d000 ---p 00011000 ca:01 266152                     /usr/lib/jvm/java-8-openjdk-amd64/jre/lib/amd64/libnio.so
7f77bc52d000-7f77bc52e000 r--p 00011000 ca:01 266152                     /usr/lib/jvm/java-8-openjdk-amd64/jre/lib/amd64/libnio.so
7f77bc52e000-7f77bc52f000 rw-p 00012000 ca:01 266152                     /usr/lib/jvm/java-8-openjdk-amd64/jre/lib/amd64/libnio.so
7f77bc52f000-7f77bc545000 r-xp 00000000 ca:01 266147                     /usr/lib/jvm/java-8-openjdk-amd64/jre/lib/amd64/libnet.so
7f77bc545000-7f77bc745000 ---p 00016000 ca:01 266147                     /usr/lib/jvm/java-8-openjdk-amd64/jre/lib/amd64/libnet.so
7f77bc745000-7f77bc746000 r--p 00016000 ca:01 266147                     /usr/lib/jvm/java-8-openjdk-amd64/jre/lib/amd64/libnet.so
7f77bc746000-7f77bc747000 rw-p 00017000 ca:01 266147                     /usr/lib/jvm/java-8-openjdk-amd64/jre/lib/amd64/libnet.so
7f77bc747000-7f77bc74c000 r--s 0009d000 ca:01 266122                     /usr/lib/jvm/java-8-openjdk-amd64/jre/lib/jsse.jar
7f77bc74c000-7f77bc767000 r--s 001d6000 ca:01 266105                     /usr/lib/jvm/java-8-openjdk-amd64/jre/lib/ext/nashorn.jar
7f77bc767000-7f77bc782000 r--s 00394000 ca:01 266103                     /usr/lib/jvm/java-8-openjdk-amd64/jre/lib/ext/cldrdata.jar
7f77bc782000-7f77bc783000 ---p 00000000 00:00 0 
7f77bc783000-7f77bc883000 rw-p 00000000 00:00 0 
7f77bc883000-7f77bc886000 ---p 00000000 00:00 0 
7f77bc886000-7f77bc984000 rw-p 00000000 00:00 0 
7f77bc984000-7f77bc987000 ---p 00000000 00:00 0 
7f77bc987000-7f77bca85000 rw-p 00000000 00:00 0 
7f77bca85000-7f77bca88000 ---p 00000000 00:00 0 
7f77bca88000-7f77bcb86000 rw-p 00000000 00:00 0 
7f77bcb86000-7f77bcb89000 ---p 00000000 00:00 0 
7f77bcb89000-7f77bcc87000 rw-p 00000000 00:00 0 
7f77bcc87000-7f77bce1f000 r--p 00000000 ca:01 2645                       /usr/lib/locale/locale-archive
7f77bce1f000-7f77bce22000 ---p 00000000 00:00 0 
7f77bce22000-7f77bcf20000 rw-p 00000000 00:00 0 
7f77bcf20000-7f77bcf23000 ---p 00000000 00:00 0 
7f77bcf23000-7f77bd021000 rw-p 00000000 00:00 0 
7f77bd021000-7f77bd022000 ---p 00000000 00:00 0 
7f77bd022000-7f77bd170000 rw-p 00000000 00:00 0 
7f77bd170000-7f77bd33e000 r--s 03c2c000 ca:01 266121                     /usr/lib/jvm/java-8-openjdk-amd64/jre/lib/rt.jar
7f77bd33e000-7f77bdc37000 rw-p 00000000 00:00 0 
7f77bdc37000-7f77bdc98000 rw-p 00000000 00:00 0 
7f77bdc98000-7f77bdff7000 ---p 00000000 00:00 0 
7f77bdff7000-7f77bdfff000 r-xp 00000000 ca:01 266134                     /usr/lib/jvm/java-8-openjdk-amd64/jre/lib/amd64/libzip.so
7f77bdfff000-7f77be1fe000 ---p 00008000 ca:01 266134                     /usr/lib/jvm/java-8-openjdk-amd64/jre/lib/amd64/libzip.so
7f77be1fe000-7f77be1ff000 r--p 00007000 ca:01 266134                     /usr/lib/jvm/java-8-openjdk-amd64/jre/lib/amd64/libzip.so
7f77be1ff000-7f77be200000 rw-p 00008000 ca:01 266134                     /usr/lib/jvm/java-8-openjdk-amd64/jre/lib/amd64/libzip.so
7f77be200000-7f77be20b000 r-xp 00000000 ca:01 50537                      /lib/x86_64-linux-gnu/libnss_files-2.23.so
7f77be20b000-7f77be40a000 ---p 0000b000 ca:01 50537                      /lib/x86_64-linux-gnu/libnss_files-2.23.so
7f77be40a000-7f77be40b000 r--p 0000a000 ca:01 50537                      /lib/x86_64-linux-gnu/libnss_files-2.23.so
7f77be40b000-7f77be40c000 rw-p 0000b000 ca:01 50537                      /lib/x86_64-linux-gnu/libnss_files-2.23.so
7f77be40c000-7f77be412000 rw-p 00000000 00:00 0 
7f77be412000-7f77be41d000 r-xp 00000000 ca:01 50541                      /lib/x86_64-linux-gnu/libnss_nis-2.23.so
7f77be41d000-7f77be61c000 ---p 0000b000 ca:01 50541                      /lib/x86_64-linux-gnu/libnss_nis-2.23.so
7f77be61c000-7f77be61d000 r--p 0000a000 ca:01 50541                      /lib/x86_64-linux-gnu/libnss_nis-2.23.so
7f77be61d000-7f77be61e000 rw-p 0000b000 ca:01 50541                      /lib/x86_64-linux-gnu/libnss_nis-2.23.so
7f77be61e000-7f77be634000 r-xp 00000000 ca:01 50521                      /lib/x86_64-linux-gnu/libnsl-2.23.so
7f77be634000-7f77be833000 ---p 00016000 ca:01 50521                      /lib/x86_64-linux-gnu/libnsl-2.23.so
7f77be833000-7f77be834000 r--p 00015000 ca:01 50521                      /lib/x86_64-linux-gnu/libnsl-2.23.so
7f77be834000-7f77be835000 rw-p 00016000 ca:01 50521                      /lib/x86_64-linux-gnu/libnsl-2.23.so
7f77be835000-7f77be837000 rw-p 00000000 00:00 0 
7f77be837000-7f77be83f000 r-xp 00000000 ca:01 50532                      /lib/x86_64-linux-gnu/libnss_compat-2.23.so
7f77be83f000-7f77bea3e000 ---p 00008000 ca:01 50532                      /lib/x86_64-linux-gnu/libnss_compat-2.23.so
7f77bea3e000-7f77bea3f000 r--p 00007000 ca:01 50532                      /lib/x86_64-linux-gnu/libnss_compat-2.23.so
7f77bea3f000-7f77bea40000 rw-p 00008000 ca:01 50532                      /lib/x86_64-linux-gnu/libnss_compat-2.23.so
7f77bea40000-7f77bea6d000 r-xp 00000000 ca:01 266137                     /usr/lib/jvm/java-8-openjdk-amd64/jre/lib/amd64/libjava.so
7f77bea6d000-7f77bec6c000 ---p 0002d000 ca:01 266137                     /usr/lib/jvm/java-8-openjdk-amd64/jre/lib/amd64/libjava.so
7f77bec6c000-7f77bec6d000 r--p 0002c000 ca:01 266137                     /usr/lib/jvm/java-8-openjdk-amd64/jre/lib/amd64/libjava.so
7f77bec6d000-7f77bec6f000 rw-p 0002d000 ca:01 266137                     /usr/lib/jvm/java-8-openjdk-amd64/jre/lib/amd64/libjava.so
7f77bec6f000-7f77bec7e000 r-xp 00000000 ca:01 266146                     /usr/lib/jvm/java-8-openjdk-amd64/jre/lib/amd64/libverify.so
7f77bec7e000-7f77bee7d000 ---p 0000f000 ca:01 266146                     /usr/lib/jvm/java-8-openjdk-amd64/jre/lib/amd64/libverify.so
7f77bee7d000-7f77bee7f000 r--p 0000e000 ca:01 266146                     /usr/lib/jvm/java-8-openjdk-amd64/jre/lib/amd64/libverify.so
7f77bee7f000-7f77bee80000 rw-p 00010000 ca:01 266146                     /usr/lib/jvm/java-8-openjdk-amd64/jre/lib/amd64/libverify.so
7f77bee80000-7f77bee87000 r-xp 00000000 ca:01 50542                      /lib/x86_64-linux-gnu/librt-2.23.so
7f77bee87000-7f77bf086000 ---p 00007000 ca:01 50542                      /lib/x86_64-linux-gnu/librt-2.23.so
7f77bf086000-7f77bf087000 r--p 00006000 ca:01 50542                      /lib/x86_64-linux-gnu/librt-2.23.so
7f77bf087000-7f77bf088000 rw-p 00007000 ca:01 50542                      /lib/x86_64-linux-gnu/librt-2.23.so
7f77bf088000-7f77bf09e000 r-xp 00000000 ca:01 1965                       /lib/x86_64-linux-gnu/libgcc_s.so.1
7f77bf09e000-7f77bf29d000 ---p 00016000 ca:01 1965                       /lib/x86_64-linux-gnu/libgcc_s.so.1
7f77bf29d000-7f77bf29e000 rw-p 00015000 ca:01 1965                       /lib/x86_64-linux-gnu/libgcc_s.so.1
7f77bf29e000-7f77bf3a6000 r-xp 00000000 ca:01 50520                      /lib/x86_64-linux-gnu/libm-2.23.so
7f77bf3a6000-7f77bf5a5000 ---p 00108000 ca:01 50520                      /lib/x86_64-linux-gnu/libm-2.23.so
7f77bf5a5000-7f77bf5a6000 r--p 00107000 ca:01 50520                      /lib/x86_64-linux-gnu/libm-2.23.so
7f77bf5a6000-7f77bf5a7000 rw-p 00108000 ca:01 50520                      /lib/x86_64-linux-gnu/libm-2.23.so
7f77bf5a7000-7f77bf719000 r-xp 00000000 ca:01 2481                       /usr/lib/x86_64-linux-gnu/libstdc++.so.6.0.21
7f77bf719000-7f77bf919000 ---p 00172000 ca:01 2481                       /usr/lib/x86_64-linux-gnu/libstdc++.so.6.0.21
7f77bf919000-7f77bf923000 r--p 00172000 ca:01 2481                       /usr/lib/x86_64-linux-gnu/libstdc++.so.6.0.21
7f77bf923000-7f77bf925000 rw-p 0017c000 ca:01 2481                       /usr/lib/x86_64-linux-gnu/libstdc++.so.6.0.21
7f77bf925000-7f77bf929000 rw-p 00000000 00:00 0 
7f77bf929000-7f77c0581000 r-xp 00000000 ca:01 266132                     /usr/lib/jvm/java-8-openjdk-amd64/jre/lib/amd64/server/libjvm.so
7f77c0581000-7f77c0781000 ---p 00c58000 ca:01 266132                     /usr/lib/jvm/java-8-openjdk-amd64/jre/lib/amd64/server/libjvm.so
7f77c0781000-7f77c0814000 r--p 00c58000 ca:01 266132                     /usr/lib/jvm/java-8-openjdk-amd64/jre/lib/amd64/server/libjvm.so
7f77c0814000-7f77c083d000 rw-p 00ceb000 ca:01 266132                     /usr/lib/jvm/java-8-openjdk-amd64/jre/lib/amd64/server/libjvm.so
7f77c083d000-7f77c086d000 rw-p 00000000 00:00 0 
7f77c086d000-7f77c0885000 r-xp 00000000 ca:01 50523                      /lib/x86_64-linux-gnu/libpthread-2.23.so
7f77c0885000-7f77c0a84000 ---p 00018000 ca:01 50523                      /lib/x86_64-linux-gnu/libpthread-2.23.so
7f77c0a84000-7f77c0a85000 r--p 00017000 ca:01 50523                      /lib/x86_64-linux-gnu/libpthread-2.23.so
7f77c0a85000-7f77c0a86000 rw-p 00018000 ca:01 50523                      /lib/x86_64-linux-gnu/libpthread-2.23.so
7f77c0a86000-7f77c0a8a000 rw-p 00000000 00:00 0 
7f77c0a8a000-7f77c0a8d000 r-xp 00000000 ca:01 50526                      /lib/x86_64-linux-gnu/libdl-2.23.so
7f77c0a8d000-7f77c0c8c000 ---p 00003000 ca:01 50526                      /lib/x86_64-linux-gnu/libdl-2.23.so
7f77c0c8c000-7f77c0c8d000 r--p 00002000 ca:01 50526                      /lib/x86_64-linux-gnu/libdl-2.23.so
7f77c0c8d000-7f77c0c8e000 rw-p 00003000 ca:01 50526                      /lib/x86_64-linux-gnu/libdl-2.23.so
7f77c0c8e000-7f77c0ca7000 r-xp 00000000 ca:01 2120                       /lib/x86_64-linux-gnu/libz.so.1.2.8
7f77c0ca7000-7f77c0ea6000 ---p 00019000 ca:01 2120                       /lib/x86_64-linux-gnu/libz.so.1.2.8
7f77c0ea6000-7f77c0ea7000 r--p 00018000 ca:01 2120                       /lib/x86_64-linux-gnu/libz.so.1.2.8
7f77c0ea7000-7f77c0ea8000 rw-p 00019000 ca:01 2120                       /lib/x86_64-linux-gnu/libz.so.1.2.8
7f77c0ea8000-7f77c1068000 r-xp 00000000 ca:01 50524                      /lib/x86_64-linux-gnu/libc-2.23.so
7f77c1068000-7f77c1268000 ---p 001c0000 ca:01 50524                      /lib/x86_64-linux-gnu/libc-2.23.so
7f77c1268000-7f77c126c000 r--p 001c0000 ca:01 50524                      /lib/x86_64-linux-gnu/libc-2.23.so
7f77c126c000-7f77c126e000 rw-p 001c4000 ca:01 50524                      /lib/x86_64-linux-gnu/libc-2.23.so
7f77c126e000-7f77c1272000 rw-p 00000000 00:00 0 
7f77c1272000-7f77c127f000 r-xp 00000000 ca:01 266142                     /usr/lib/jvm/java-8-openjdk-amd64/jre/lib/amd64/jli/libjli.so
7f77c127f000-7f77c147f000 ---p 0000d000 ca:01 266142                     /usr/lib/jvm/java-8-openjdk-amd64/jre/lib/amd64/jli/libjli.so
7f77c147f000-7f77c1480000 r--p 0000d000 ca:01 266142                     /usr/lib/jvm/java-8-openjdk-amd64/jre/lib/amd64/jli/libjli.so
7f77c1480000-7f77c1481000 rw-p 0000e000 ca:01 266142                     /usr/lib/jvm/java-8-openjdk-amd64/jre/lib/amd64/jli/libjli.so
7f77c1481000-7f77c14a7000 r-xp 00000000 ca:01 50522                      /lib/x86_64-linux-gnu/ld-2.23.so
7f77c14a7000-7f77c14a8000 r--s 00007000 ca:01 541392                     /home/ubuntu/.gradle/wrapper/dists/gradle-2.14.1-all/8bnwg5hd3w55iofp58khbp6yv/gradle-2.14.1/lib/slf4j-api-1.7.10.jar
7f77c14a8000-7f77c14a9000 r--s 00004000 ca:01 541416                     /home/ubuntu/.gradle/wrapper/dists/gradle-2.14.1-all/8bnwg5hd3w55iofp58khbp6yv/gradle-2.14.1/lib/ant-launcher-1.9.6.jar
7f77c14a9000-7f77c14ab000 r--s 0000b000 ca:01 341436                     /home/ubuntu/ReactNative/VwWoocommerceAppMain/android/gradle/wrapper/gradle-wrapper.jar
7f77c14ab000-7f77c14b0000 r--s 0003b000 ca:01 266099                     /usr/lib/jvm/java-8-openjdk-amd64/jre/lib/ext/sunjce_provider.jar
7f77c14b0000-7f77c14b3000 r--s 0000f000 ca:01 266098                     /usr/lib/jvm/java-8-openjdk-amd64/jre/lib/ext/icedtea-sound.jar
7f77c14b3000-7f77c14b5000 r--s 00008000 ca:01 266101                     /usr/lib/jvm/java-8-openjdk-amd64/jre/lib/ext/sunec.jar
7f77c14b5000-7f77c14bf000 r--s 00116000 ca:01 266097                     /usr/lib/jvm/java-8-openjdk-amd64/jre/lib/ext/localedata.jar
7f77c14bf000-7f77c1505000 rw-p 00000000 00:00 0 
7f77c1505000-7f77c1512000 ---p 00000000 00:00 0 
7f77c1512000-7f77c1531000 rw-p 00000000 00:00 0 
7f77c1531000-7f77c153b000 ---p 00000000 00:00 0 
7f77c153b000-7f77c1582000 rw-p 00000000 00:00 0 
7f77c1582000-7f77c158e000 ---p 00000000 00:00 0 
7f77c158e000-7f77c158f000 rw-p 00000000 00:00 0 
7f77c158f000-7f77c1597000 rw-s 00000000 ca:01 133172                     /tmp/hsperfdata_ubuntu/10891
7f77c1597000-7f77c159a000 ---p 00000000 00:00 0 
7f77c159a000-7f77c169c000 rw-p 00000000 00:00 0 
7f77c169c000-7f77c169e000 r--s 00001000 ca:01 266102                     /usr/lib/jvm/java-8-openjdk-amd64/jre/lib/ext/dnsns.jar
7f77c169e000-7f77c16a1000 r--s 00038000 ca:01 266094                     /usr/lib/jvm/java-8-openjdk-amd64/jre/lib/ext/sunpkcs11.jar
7f77c16a1000-7f77c16a2000 r--s 0000a000 ca:01 266100                     /usr/lib/jvm/java-8-openjdk-amd64/jre/lib/ext/jaccess.jar
7f77c16a2000-7f77c16a3000 r--s 00010000 ca:01 266104                     /usr/lib/jvm/java-8-openjdk-amd64/jre/lib/ext/zipfs.jar
7f77c16a3000-7f77c16a4000 rw-p 00000000 00:00 0 
7f77c16a4000-7f77c16a5000 ---p 00000000 00:00 0 
7f77c16a5000-7f77c16a6000 rw-p 00000000 00:00 0 
7f77c16a6000-7f77c16a7000 r--p 00025000 ca:01 50522                      /lib/x86_64-linux-gnu/ld-2.23.so
7f77c16a7000-7f77c16a8000 rw-p 00026000 ca:01 50522                      /lib/x86_64-linux-gnu/ld-2.23.so
7f77c16a8000-7f77c16a9000 rw-p 00000000 00:00 0 
7ffcc0a00000-7ffcc0a23000 rw-p 00000000 00:00 0                          [stack]
7ffcc0b96000-7ffcc0b99000 r--p 00000000 00:00 0                          [vvar]
7ffcc0b99000-7ffcc0b9b000 r-xp 00000000 00:00 0                          [vdso]
ffffffffff600000-ffffffffff601000 r-xp 00000000 00:00 0                  [vsyscall]

VM Arguments:
jvm_args: -Dorg.gradle.appname=gradlew 
java_command: org.gradle.wrapper.GradleWrapperMain assembleRelease
java_class_path (initial): /home/ubuntu/ReactNative/VwWoocommerceAppMain/android/gradle/wrapper/gradle-wrapper.jar
Launcher Type: SUN_STANDARD

Environment Variables:
PATH=/usr/lib/node_modules/npm/node_modules/npm-lifecycle/node-gyp-bin:/home/ubuntu/ReactNative/shopify-node-app-master/node_modules/.bin:/home/ubuntu/bin:/home/ubuntu/.local/bin:/usr/local/sbin:/usr/local/bin:/usr/sbin:/usr/bin:/sbin:/bin:/usr/games:/usr/local/games:/snap/bin
SHELL=/bin/bash

Signal Handlers:
SIGSEGV: [libjvm.so+0xa6dcc0], sa_mask[0]=11111111011111111101111111111110, sa_flags=SA_RESTART|SA_SIGINFO
SIGBUS: [libjvm.so+0xa6dcc0], sa_mask[0]=11111111011111111101111111111110, sa_flags=SA_RESTART|SA_SIGINFO
SIGFPE: [libjvm.so+0x8b5350], sa_mask[0]=11111111011111111101111111111110, sa_flags=SA_RESTART|SA_SIGINFO
SIGPIPE: [libjvm.so+0x8b5350], sa_mask[0]=11111111011111111101111111111110, sa_flags=SA_RESTART|SA_SIGINFO
SIGXFSZ: [libjvm.so+0x8b5350], sa_mask[0]=11111111011111111101111111111110, sa_flags=SA_RESTART|SA_SIGINFO
SIGILL: [libjvm.so+0x8b5350], sa_mask[0]=11111111011111111101111111111110, sa_flags=SA_RESTART|SA_SIGINFO
SIGUSR1: SIG_DFL, sa_mask[0]=00000000000000000000000000000000, sa_flags=none
SIGUSR2: [libjvm.so+0x8b5200], sa_mask[0]=00000000000000000000000000000000, sa_flags=SA_RESTART|SA_SIGINFO
SIGHUP: [libjvm.so+0x8b56d0], sa_mask[0]=11111111011111111101111111111110, sa_flags=SA_RESTART|SA_SIGINFO
SIGINT: [libjvm.so+0x8b56d0], sa_mask[0]=11111111011111111101111111111110, sa_flags=SA_RESTART|SA_SIGINFO
SIGTERM: [libjvm.so+0x8b56d0], sa_mask[0]=11111111011111111101111111111110, sa_flags=SA_RESTART|SA_SIGINFO
SIGQUIT: [libjvm.so+0x8b56d0], sa_mask[0]=11111111011111111101111111111110, sa_flags=SA_RESTART|SA_SIGINFO


---------------  S Y S T E M  ---------------

OS:DISTRIB_ID=Ubuntu
DISTRIB_RELEASE=16.04
DISTRIB_CODENAME=xenial
DISTRIB_DESCRIPTION="Ubuntu 16.04.4 LTS"

uname:Linux 4.4.0-1055-aws #64-Ubuntu SMP Thu Apr 5 17:06:36 UTC 2018 x86_64
libc:glibc 2.23 NPTL 2.23 
rlimit: STACK 8192k, CORE 0k, NPROC 3900, NOFILE 1048576, AS infinity
load average:0.69 3.05 5.90

/proc/meminfo:
MemTotal:        1014524 kB
MemFree:           56348 kB
MemAvailable:          0 kB
Buffers:             232 kB
Cached:            74564 kB
SwapCached:            0 kB
Active:           836412 kB
Inactive:          51328 kB
Active(anon):     835376 kB
Inactive(anon):    50060 kB
Active(file):       1036 kB
Inactive(file):     1268 kB
Unevictable:        3652 kB
Mlocked:            3652 kB
SwapTotal:             0 kB
SwapFree:              0 kB
Dirty:                76 kB
Writeback:             0 kB
AnonPages:        816640 kB
Mapped:            26608 kB
Shmem:             70024 kB
Slab:              37308 kB
SReclaimable:      19108 kB
SUnreclaim:        18200 kB
KernelStack:        3600 kB
PageTables:        11188 kB
NFS_Unstable:          0 kB
Bounce:                0 kB
WritebackTmp:          0 kB
CommitLimit:      507260 kB
Committed_AS:    1615756 kB
VmallocTotal:   34359738367 kB
VmallocUsed:           0 kB
VmallocChunk:          0 kB
HardwareCorrupted:     0 kB
AnonHugePages:    315392 kB
CmaTotal:              0 kB
CmaFree:               0 kB
HugePages_Total:       0
HugePages_Free:        0
HugePages_Rsvd:        0
HugePages_Surp:        0
Hugepagesize:       2048 kB
DirectMap4k:       43008 kB
DirectMap2M:     1005568 kB


CPU:total 1 (initial active 1) (1 cores per cpu, 1 threads per core) family 6 model 63 stepping 2, cmov, cx8, fxsr, mmx, sse, sse2, sse3, ssse3, sse4.1, sse4.2, popcnt, avx, avx2, aes, clmul, erms, lzcnt, tsc, bmi1, bmi2

/proc/cpuinfo:
processor	: 0
vendor_id	: GenuineIntel
cpu family	: 6
model		: 63
model name	: Intel(R) Xeon(R) CPU E5-2676 v3 @ 2.40GHz
stepping	: 2
microcode	: 0x3c
cpu MHz		: 2400.068
cache size	: 30720 KB
physical id	: 0
siblings	: 1
core id		: 0
cpu cores	: 1
apicid		: 0
initial apicid	: 0
fpu		: yes
fpu_exception	: yes
cpuid level	: 13
wp		: yes
flags		: fpu vme de pse tsc msr pae mce cx8 apic sep mtrr pge mca cmov pat pse36 clflush mmx fxsr sse sse2 ht syscall nx rdtscp lm constant_tsc rep_good nopl xtopology eagerfpu pni pclmulqdq ssse3 fma cx16 pcid sse4_1 sse4_2 x2apic movbe popcnt tsc_deadline_timer aes xsave avx f16c rdrand hypervisor lahf_lm abm invpcid_single retpoline kaiser fsgsbase bmi1 avx2 smep bmi2 erms invpcid xsaveopt
bugs		: cpu_meltdown spectre_v1 spectre_v2
bogomips	: 4800.13
clflush size	: 64
cache_alignment	: 64
address sizes	: 46 bits physical, 48 bits virtual
power management:



Memory: 4k page, physical 1014524k(56348k free), swap 0k(0k free)

vm_info: OpenJDK 64-Bit Server VM (25.162-b12) for linux-amd64 JRE (1.8.0_162-8u162-b12-0ubuntu0.16.04.2-b12), built on Mar 14 2018 12:11:18 by "buildd" with gcc 5.4.0 20160609

time: Wed Apr 25 11:00:50 2018
elapsed time: 25 seconds (0d 0h 0m 25s)

